The system is: Linux - 3.10.0-1127.18.2.1chaos.ch6.x86_64 - x86_64
Compiling the C compiler identification source file "CMakeCCompilerId.c" succeeded.
Compiler: /usr/projects/hpcsoft/toss3/common/x86_64/gcc/9.3.0/bin/gcc 
Build flags: 
Id flags: 

The output was:
0


Compilation of the C compiler identification source "CMakeCCompilerId.c" produced "a.out"

The C compiler identification is GNU, found in "/lustre/scratch3/turquoise/rvangara/RD100/distnnmfkcpp_Src/install_dependencies/xianyi-OpenBLAS-6d2da63/CMakeFiles/3.6.2/CompilerIdC/a.out"

Compiling the CXX compiler identification source file "CMakeCXXCompilerId.cpp" succeeded.
Compiler: /usr/projects/hpcsoft/toss3/common/x86_64/gcc/9.3.0/bin/g++ 
Build flags: 
Id flags: 

The output was:
0


Compilation of the CXX compiler identification source "CMakeCXXCompilerId.cpp" produced "a.out"

The CXX compiler identification is GNU, found in "/lustre/scratch3/turquoise/rvangara/RD100/distnnmfkcpp_Src/install_dependencies/xianyi-OpenBLAS-6d2da63/CMakeFiles/3.6.2/CompilerIdCXX/a.out"

Determining if the C compiler works passed with the following output:
Change Dir: /lustre/scratch3/turquoise/rvangara/RD100/distnnmfkcpp_Src/install_dependencies/xianyi-OpenBLAS-6d2da63/CMakeFiles/CMakeTmp

Run Build Command:"/usr/bin/gmake" "cmTC_e271c/fast"
/usr/bin/gmake -f CMakeFiles/cmTC_e271c.dir/build.make CMakeFiles/cmTC_e271c.dir/build
gmake[1]: Entering directory `/lustre/scratch3/turquoise/rvangara/RD100/distnnmfkcpp_Src/install_dependencies/xianyi-OpenBLAS-6d2da63/CMakeFiles/CMakeTmp'
Building C object CMakeFiles/cmTC_e271c.dir/testCCompiler.c.o
/usr/projects/hpcsoft/toss3/common/x86_64/gcc/9.3.0/bin/gcc     -o CMakeFiles/cmTC_e271c.dir/testCCompiler.c.o   -c /lustre/scratch3/turquoise/rvangara/RD100/distnnmfkcpp_Src/install_dependencies/xianyi-OpenBLAS-6d2da63/CMakeFiles/CMakeTmp/testCCompiler.c
Linking C executable cmTC_e271c
/turquoise/usr/projects/hpcsoft/toss3/common/cmake/3.6.2/bin/cmake -E cmake_link_script CMakeFiles/cmTC_e271c.dir/link.txt --verbose=1
/usr/projects/hpcsoft/toss3/common/x86_64/gcc/9.3.0/bin/gcc       CMakeFiles/cmTC_e271c.dir/testCCompiler.c.o  -o cmTC_e271c -rdynamic 
gmake[1]: Leaving directory `/lustre/scratch3/turquoise/rvangara/RD100/distnnmfkcpp_Src/install_dependencies/xianyi-OpenBLAS-6d2da63/CMakeFiles/CMakeTmp'


Detecting C compiler ABI info compiled with the following output:
Change Dir: /lustre/scratch3/turquoise/rvangara/RD100/distnnmfkcpp_Src/install_dependencies/xianyi-OpenBLAS-6d2da63/CMakeFiles/CMakeTmp

Run Build Command:"/usr/bin/gmake" "cmTC_c457e/fast"
/usr/bin/gmake -f CMakeFiles/cmTC_c457e.dir/build.make CMakeFiles/cmTC_c457e.dir/build
gmake[1]: Entering directory `/lustre/scratch3/turquoise/rvangara/RD100/distnnmfkcpp_Src/install_dependencies/xianyi-OpenBLAS-6d2da63/CMakeFiles/CMakeTmp'
Building C object CMakeFiles/cmTC_c457e.dir/CMakeCCompilerABI.c.o
/usr/projects/hpcsoft/toss3/common/x86_64/gcc/9.3.0/bin/gcc     -o CMakeFiles/cmTC_c457e.dir/CMakeCCompilerABI.c.o   -c /turquoise/usr/projects/hpcsoft/toss3/common/cmake/3.6.2/share/cmake-3.6/Modules/CMakeCCompilerABI.c
Linking C executable cmTC_c457e
/turquoise/usr/projects/hpcsoft/toss3/common/cmake/3.6.2/bin/cmake -E cmake_link_script CMakeFiles/cmTC_c457e.dir/link.txt --verbose=1
/usr/projects/hpcsoft/toss3/common/x86_64/gcc/9.3.0/bin/gcc      -v CMakeFiles/cmTC_c457e.dir/CMakeCCompilerABI.c.o  -o cmTC_c457e -rdynamic  
Using built-in specs.
COLLECT_GCC=/usr/projects/hpcsoft/toss3/common/x86_64/gcc/9.3.0/bin/gcc
COLLECT_LTO_WRAPPER=/turquoise/usr/projects/hpcsoft/toss3/common/x86_64/gcc/9.3.0/bin/../libexec/gcc/x86_64-pc-linux-gnu/9.3.0/lto-wrapper
OFFLOAD_TARGET_NAMES=nvptx-none
Target: x86_64-pc-linux-gnu
Configured with: ../gcc-9.3.0/configure --enable-threads=posix --enable-__cxa_atexit --enable-lto --enable-checking=release --disable-multilib --enable-languages=c,c++,fortran,go --enable-offload-targets=nvptx-none --prefix=/usr/projects/hpcsoft/toss3/common/x86_64/gcc/9.3.0
Thread model: posix
gcc version 9.3.0 (GCC) 
COMPILER_PATH=/turquoise/usr/projects/hpcsoft/toss3/common/x86_64/gcc/9.3.0/bin/../libexec/gcc/x86_64-pc-linux-gnu/9.3.0/:/turquoise/usr/projects/hpcsoft/toss3/common/x86_64/gcc/9.3.0/bin/../libexec/gcc/
LIBRARY_PATH=/turquoise/usr/projects/hpcsoft/toss3/common/x86_64/gcc/9.3.0/bin/../lib/gcc/x86_64-pc-linux-gnu/9.3.0/:/turquoise/usr/projects/hpcsoft/toss3/common/x86_64/gcc/9.3.0/bin/../lib/gcc/:/turquoise/usr/projects/hpcsoft/toss3/common/x86_64/gcc/9.3.0/bin/../lib/gcc/x86_64-pc-linux-gnu/9.3.0/../../../../lib64/:/lib/../lib64/:/usr/lib/../lib64/:/turquoise/usr/projects/hpcsoft/toss3/common/x86_64/gcc/9.3.0/bin/../lib/gcc/x86_64-pc-linux-gnu/9.3.0/../../../:/lib/:/usr/lib/
COLLECT_GCC_OPTIONS='-v' '-o' 'cmTC_c457e' '-rdynamic' '-mtune=generic' '-march=x86-64'
 /turquoise/usr/projects/hpcsoft/toss3/common/x86_64/gcc/9.3.0/bin/../libexec/gcc/x86_64-pc-linux-gnu/9.3.0/collect2 -plugin /turquoise/usr/projects/hpcsoft/toss3/common/x86_64/gcc/9.3.0/bin/../libexec/gcc/x86_64-pc-linux-gnu/9.3.0/liblto_plugin.so -plugin-opt=/turquoise/usr/projects/hpcsoft/toss3/common/x86_64/gcc/9.3.0/bin/../libexec/gcc/x86_64-pc-linux-gnu/9.3.0/lto-wrapper -plugin-opt=-fresolution=/tmp/ccCqDE0Z.res -plugin-opt=-pass-through=-lgcc -plugin-opt=-pass-through=-lgcc_s -plugin-opt=-pass-through=-lc -plugin-opt=-pass-through=-lgcc -plugin-opt=-pass-through=-lgcc_s --eh-frame-hdr -m elf_x86_64 -export-dynamic -dynamic-linker /lib64/ld-linux-x86-64.so.2 -o cmTC_c457e /lib/../lib64/crt1.o /lib/../lib64/crti.o /turquoise/usr/projects/hpcsoft/toss3/common/x86_64/gcc/9.3.0/bin/../lib/gcc/x86_64-pc-linux-gnu/9.3.0/crtbegin.o -L/turquoise/usr/projects/hpcsoft/toss3/common/x86_64/gcc/9.3.0/bin/../lib/gcc/x86_64-pc-linux-gnu/9.3.0 -L/turquoise/usr/projects/hpcsoft/toss3/common/x86_64/gcc/9.3.0/bin/../lib/gcc -L/turquoise/usr/projects/hpcsoft/toss3/common/x86_64/gcc/9.3.0/bin/../lib/gcc/x86_64-pc-linux-gnu/9.3.0/../../../../lib64 -L/lib/../lib64 -L/usr/lib/../lib64 -L/turquoise/usr/projects/hpcsoft/toss3/common/x86_64/gcc/9.3.0/bin/../lib/gcc/x86_64-pc-linux-gnu/9.3.0/../../.. CMakeFiles/cmTC_c457e.dir/CMakeCCompilerABI.c.o -lgcc --as-needed -lgcc_s --no-as-needed -lc -lgcc --as-needed -lgcc_s --no-as-needed /turquoise/usr/projects/hpcsoft/toss3/common/x86_64/gcc/9.3.0/bin/../lib/gcc/x86_64-pc-linux-gnu/9.3.0/crtend.o /lib/../lib64/crtn.o
COLLECT_GCC_OPTIONS='-v' '-o' 'cmTC_c457e' '-rdynamic' '-mtune=generic' '-march=x86-64'
gmake[1]: Leaving directory `/lustre/scratch3/turquoise/rvangara/RD100/distnnmfkcpp_Src/install_dependencies/xianyi-OpenBLAS-6d2da63/CMakeFiles/CMakeTmp'


Parsed C implicit link information from above output:
  link line regex: [^( *|.*[/\])(ld|([^/\]+-)?ld|collect2)[^/\]*( |$)]
  ignore line: [Change Dir: /lustre/scratch3/turquoise/rvangara/RD100/distnnmfkcpp_Src/install_dependencies/xianyi-OpenBLAS-6d2da63/CMakeFiles/CMakeTmp]
  ignore line: []
  ignore line: [Run Build Command:"/usr/bin/gmake" "cmTC_c457e/fast"]
  ignore line: [/usr/bin/gmake -f CMakeFiles/cmTC_c457e.dir/build.make CMakeFiles/cmTC_c457e.dir/build]
  ignore line: [gmake[1]: Entering directory `/lustre/scratch3/turquoise/rvangara/RD100/distnnmfkcpp_Src/install_dependencies/xianyi-OpenBLAS-6d2da63/CMakeFiles/CMakeTmp']
  ignore line: [Building C object CMakeFiles/cmTC_c457e.dir/CMakeCCompilerABI.c.o]
  ignore line: [/usr/projects/hpcsoft/toss3/common/x86_64/gcc/9.3.0/bin/gcc     -o CMakeFiles/cmTC_c457e.dir/CMakeCCompilerABI.c.o   -c /turquoise/usr/projects/hpcsoft/toss3/common/cmake/3.6.2/share/cmake-3.6/Modules/CMakeCCompilerABI.c]
  ignore line: [Linking C executable cmTC_c457e]
  ignore line: [/turquoise/usr/projects/hpcsoft/toss3/common/cmake/3.6.2/bin/cmake -E cmake_link_script CMakeFiles/cmTC_c457e.dir/link.txt --verbose=1]
  ignore line: [/usr/projects/hpcsoft/toss3/common/x86_64/gcc/9.3.0/bin/gcc      -v CMakeFiles/cmTC_c457e.dir/CMakeCCompilerABI.c.o  -o cmTC_c457e -rdynamic  ]
  ignore line: [Using built-in specs.]
  ignore line: [COLLECT_GCC=/usr/projects/hpcsoft/toss3/common/x86_64/gcc/9.3.0/bin/gcc]
  ignore line: [COLLECT_LTO_WRAPPER=/turquoise/usr/projects/hpcsoft/toss3/common/x86_64/gcc/9.3.0/bin/../libexec/gcc/x86_64-pc-linux-gnu/9.3.0/lto-wrapper]
  ignore line: [OFFLOAD_TARGET_NAMES=nvptx-none]
  ignore line: [Target: x86_64-pc-linux-gnu]
  ignore line: [Configured with: ../gcc-9.3.0/configure --enable-threads=posix --enable-__cxa_atexit --enable-lto --enable-checking=release --disable-multilib --enable-languages=c,c++,fortran,go --enable-offload-targets=nvptx-none --prefix=/usr/projects/hpcsoft/toss3/common/x86_64/gcc/9.3.0]
  ignore line: [Thread model: posix]
  ignore line: [gcc version 9.3.0 (GCC) ]
  ignore line: [COMPILER_PATH=/turquoise/usr/projects/hpcsoft/toss3/common/x86_64/gcc/9.3.0/bin/../libexec/gcc/x86_64-pc-linux-gnu/9.3.0/:/turquoise/usr/projects/hpcsoft/toss3/common/x86_64/gcc/9.3.0/bin/../libexec/gcc/]
  ignore line: [LIBRARY_PATH=/turquoise/usr/projects/hpcsoft/toss3/common/x86_64/gcc/9.3.0/bin/../lib/gcc/x86_64-pc-linux-gnu/9.3.0/:/turquoise/usr/projects/hpcsoft/toss3/common/x86_64/gcc/9.3.0/bin/../lib/gcc/:/turquoise/usr/projects/hpcsoft/toss3/common/x86_64/gcc/9.3.0/bin/../lib/gcc/x86_64-pc-linux-gnu/9.3.0/../../../../lib64/:/lib/../lib64/:/usr/lib/../lib64/:/turquoise/usr/projects/hpcsoft/toss3/common/x86_64/gcc/9.3.0/bin/../lib/gcc/x86_64-pc-linux-gnu/9.3.0/../../../:/lib/:/usr/lib/]
  ignore line: [COLLECT_GCC_OPTIONS='-v' '-o' 'cmTC_c457e' '-rdynamic' '-mtune=generic' '-march=x86-64']
  link line: [ /turquoise/usr/projects/hpcsoft/toss3/common/x86_64/gcc/9.3.0/bin/../libexec/gcc/x86_64-pc-linux-gnu/9.3.0/collect2 -plugin /turquoise/usr/projects/hpcsoft/toss3/common/x86_64/gcc/9.3.0/bin/../libexec/gcc/x86_64-pc-linux-gnu/9.3.0/liblto_plugin.so -plugin-opt=/turquoise/usr/projects/hpcsoft/toss3/common/x86_64/gcc/9.3.0/bin/../libexec/gcc/x86_64-pc-linux-gnu/9.3.0/lto-wrapper -plugin-opt=-fresolution=/tmp/ccCqDE0Z.res -plugin-opt=-pass-through=-lgcc -plugin-opt=-pass-through=-lgcc_s -plugin-opt=-pass-through=-lc -plugin-opt=-pass-through=-lgcc -plugin-opt=-pass-through=-lgcc_s --eh-frame-hdr -m elf_x86_64 -export-dynamic -dynamic-linker /lib64/ld-linux-x86-64.so.2 -o cmTC_c457e /lib/../lib64/crt1.o /lib/../lib64/crti.o /turquoise/usr/projects/hpcsoft/toss3/common/x86_64/gcc/9.3.0/bin/../lib/gcc/x86_64-pc-linux-gnu/9.3.0/crtbegin.o -L/turquoise/usr/projects/hpcsoft/toss3/common/x86_64/gcc/9.3.0/bin/../lib/gcc/x86_64-pc-linux-gnu/9.3.0 -L/turquoise/usr/projects/hpcsoft/toss3/common/x86_64/gcc/9.3.0/bin/../lib/gcc -L/turquoise/usr/projects/hpcsoft/toss3/common/x86_64/gcc/9.3.0/bin/../lib/gcc/x86_64-pc-linux-gnu/9.3.0/../../../../lib64 -L/lib/../lib64 -L/usr/lib/../lib64 -L/turquoise/usr/projects/hpcsoft/toss3/common/x86_64/gcc/9.3.0/bin/../lib/gcc/x86_64-pc-linux-gnu/9.3.0/../../.. CMakeFiles/cmTC_c457e.dir/CMakeCCompilerABI.c.o -lgcc --as-needed -lgcc_s --no-as-needed -lc -lgcc --as-needed -lgcc_s --no-as-needed /turquoise/usr/projects/hpcsoft/toss3/common/x86_64/gcc/9.3.0/bin/../lib/gcc/x86_64-pc-linux-gnu/9.3.0/crtend.o /lib/../lib64/crtn.o]
    arg [/turquoise/usr/projects/hpcsoft/toss3/common/x86_64/gcc/9.3.0/bin/../libexec/gcc/x86_64-pc-linux-gnu/9.3.0/collect2] ==> ignore
    arg [-plugin] ==> ignore
    arg [/turquoise/usr/projects/hpcsoft/toss3/common/x86_64/gcc/9.3.0/bin/../libexec/gcc/x86_64-pc-linux-gnu/9.3.0/liblto_plugin.so] ==> ignore
    arg [-plugin-opt=/turquoise/usr/projects/hpcsoft/toss3/common/x86_64/gcc/9.3.0/bin/../libexec/gcc/x86_64-pc-linux-gnu/9.3.0/lto-wrapper] ==> ignore
    arg [-plugin-opt=-fresolution=/tmp/ccCqDE0Z.res] ==> ignore
    arg [-plugin-opt=-pass-through=-lgcc] ==> ignore
    arg [-plugin-opt=-pass-through=-lgcc_s] ==> ignore
    arg [-plugin-opt=-pass-through=-lc] ==> ignore
    arg [-plugin-opt=-pass-through=-lgcc] ==> ignore
    arg [-plugin-opt=-pass-through=-lgcc_s] ==> ignore
    arg [--eh-frame-hdr] ==> ignore
    arg [-m] ==> ignore
    arg [elf_x86_64] ==> ignore
    arg [-export-dynamic] ==> ignore
    arg [-dynamic-linker] ==> ignore
    arg [/lib64/ld-linux-x86-64.so.2] ==> ignore
    arg [-o] ==> ignore
    arg [cmTC_c457e] ==> ignore
    arg [/lib/../lib64/crt1.o] ==> ignore
    arg [/lib/../lib64/crti.o] ==> ignore
    arg [/turquoise/usr/projects/hpcsoft/toss3/common/x86_64/gcc/9.3.0/bin/../lib/gcc/x86_64-pc-linux-gnu/9.3.0/crtbegin.o] ==> ignore
    arg [-L/turquoise/usr/projects/hpcsoft/toss3/common/x86_64/gcc/9.3.0/bin/../lib/gcc/x86_64-pc-linux-gnu/9.3.0] ==> dir [/turquoise/usr/projects/hpcsoft/toss3/common/x86_64/gcc/9.3.0/bin/../lib/gcc/x86_64-pc-linux-gnu/9.3.0]
    arg [-L/turquoise/usr/projects/hpcsoft/toss3/common/x86_64/gcc/9.3.0/bin/../lib/gcc] ==> dir [/turquoise/usr/projects/hpcsoft/toss3/common/x86_64/gcc/9.3.0/bin/../lib/gcc]
    arg [-L/turquoise/usr/projects/hpcsoft/toss3/common/x86_64/gcc/9.3.0/bin/../lib/gcc/x86_64-pc-linux-gnu/9.3.0/../../../../lib64] ==> dir [/turquoise/usr/projects/hpcsoft/toss3/common/x86_64/gcc/9.3.0/bin/../lib/gcc/x86_64-pc-linux-gnu/9.3.0/../../../../lib64]
    arg [-L/lib/../lib64] ==> dir [/lib/../lib64]
    arg [-L/usr/lib/../lib64] ==> dir [/usr/lib/../lib64]
    arg [-L/turquoise/usr/projects/hpcsoft/toss3/common/x86_64/gcc/9.3.0/bin/../lib/gcc/x86_64-pc-linux-gnu/9.3.0/../../..] ==> dir [/turquoise/usr/projects/hpcsoft/toss3/common/x86_64/gcc/9.3.0/bin/../lib/gcc/x86_64-pc-linux-gnu/9.3.0/../../..]
    arg [CMakeFiles/cmTC_c457e.dir/CMakeCCompilerABI.c.o] ==> ignore
    arg [-lgcc] ==> lib [gcc]
    arg [--as-needed] ==> ignore
    arg [-lgcc_s] ==> lib [gcc_s]
    arg [--no-as-needed] ==> ignore
    arg [-lc] ==> lib [c]
    arg [-lgcc] ==> lib [gcc]
    arg [--as-needed] ==> ignore
    arg [-lgcc_s] ==> lib [gcc_s]
    arg [--no-as-needed] ==> ignore
    arg [/turquoise/usr/projects/hpcsoft/toss3/common/x86_64/gcc/9.3.0/bin/../lib/gcc/x86_64-pc-linux-gnu/9.3.0/crtend.o] ==> ignore
    arg [/lib/../lib64/crtn.o] ==> ignore
  remove lib [gcc]
  remove lib [gcc_s]
  remove lib [gcc]
  remove lib [gcc_s]
  collapse library dir [/turquoise/usr/projects/hpcsoft/toss3/common/x86_64/gcc/9.3.0/bin/../lib/gcc/x86_64-pc-linux-gnu/9.3.0] ==> [/turquoise/usr/projects/hpcsoft/toss3/common/x86_64/gcc/9.3.0/lib/gcc/x86_64-pc-linux-gnu/9.3.0]
  collapse library dir [/turquoise/usr/projects/hpcsoft/toss3/common/x86_64/gcc/9.3.0/bin/../lib/gcc] ==> [/turquoise/usr/projects/hpcsoft/toss3/common/x86_64/gcc/9.3.0/lib/gcc]
  collapse library dir [/turquoise/usr/projects/hpcsoft/toss3/common/x86_64/gcc/9.3.0/bin/../lib/gcc/x86_64-pc-linux-gnu/9.3.0/../../../../lib64] ==> [/turquoise/usr/projects/hpcsoft/toss3/common/x86_64/gcc/9.3.0/lib64]
  collapse library dir [/lib/../lib64] ==> [/lib64]
  collapse library dir [/usr/lib/../lib64] ==> [/usr/lib64]
  collapse library dir [/turquoise/usr/projects/hpcsoft/toss3/common/x86_64/gcc/9.3.0/bin/../lib/gcc/x86_64-pc-linux-gnu/9.3.0/../../..] ==> [/turquoise/usr/projects/hpcsoft/toss3/common/x86_64/gcc/9.3.0/lib]
  implicit libs: [c]
  implicit dirs: [/turquoise/usr/projects/hpcsoft/toss3/common/x86_64/gcc/9.3.0/lib/gcc/x86_64-pc-linux-gnu/9.3.0;/turquoise/usr/projects/hpcsoft/toss3/common/x86_64/gcc/9.3.0/lib/gcc;/turquoise/usr/projects/hpcsoft/toss3/common/x86_64/gcc/9.3.0/lib64;/lib64;/usr/lib64;/turquoise/usr/projects/hpcsoft/toss3/common/x86_64/gcc/9.3.0/lib]
  implicit fwks: []




Detecting C [-std=c11] compiler features compiled with the following output:
Change Dir: /lustre/scratch3/turquoise/rvangara/RD100/distnnmfkcpp_Src/install_dependencies/xianyi-OpenBLAS-6d2da63/CMakeFiles/CMakeTmp

Run Build Command:"/usr/bin/gmake" "cmTC_88e0b/fast"
/usr/bin/gmake -f CMakeFiles/cmTC_88e0b.dir/build.make CMakeFiles/cmTC_88e0b.dir/build
gmake[1]: Entering directory `/lustre/scratch3/turquoise/rvangara/RD100/distnnmfkcpp_Src/install_dependencies/xianyi-OpenBLAS-6d2da63/CMakeFiles/CMakeTmp'
Building C object CMakeFiles/cmTC_88e0b.dir/feature_tests.c.o
/usr/projects/hpcsoft/toss3/common/x86_64/gcc/9.3.0/bin/gcc    -std=c11 -o CMakeFiles/cmTC_88e0b.dir/feature_tests.c.o   -c /lustre/scratch3/turquoise/rvangara/RD100/distnnmfkcpp_Src/install_dependencies/xianyi-OpenBLAS-6d2da63/CMakeFiles/feature_tests.c
Linking C executable cmTC_88e0b
/turquoise/usr/projects/hpcsoft/toss3/common/cmake/3.6.2/bin/cmake -E cmake_link_script CMakeFiles/cmTC_88e0b.dir/link.txt --verbose=1
/usr/projects/hpcsoft/toss3/common/x86_64/gcc/9.3.0/bin/gcc       CMakeFiles/cmTC_88e0b.dir/feature_tests.c.o  -o cmTC_88e0b -rdynamic 
gmake[1]: Leaving directory `/lustre/scratch3/turquoise/rvangara/RD100/distnnmfkcpp_Src/install_dependencies/xianyi-OpenBLAS-6d2da63/CMakeFiles/CMakeTmp'


    Feature record: C_FEATURE:1c_function_prototypes
    Feature record: C_FEATURE:1c_restrict
    Feature record: C_FEATURE:1c_static_assert
    Feature record: C_FEATURE:1c_variadic_macros


Detecting C [-std=c99] compiler features compiled with the following output:
Change Dir: /lustre/scratch3/turquoise/rvangara/RD100/distnnmfkcpp_Src/install_dependencies/xianyi-OpenBLAS-6d2da63/CMakeFiles/CMakeTmp

Run Build Command:"/usr/bin/gmake" "cmTC_7eb9c/fast"
/usr/bin/gmake -f CMakeFiles/cmTC_7eb9c.dir/build.make CMakeFiles/cmTC_7eb9c.dir/build
gmake[1]: Entering directory `/lustre/scratch3/turquoise/rvangara/RD100/distnnmfkcpp_Src/install_dependencies/xianyi-OpenBLAS-6d2da63/CMakeFiles/CMakeTmp'
Building C object CMakeFiles/cmTC_7eb9c.dir/feature_tests.c.o
/usr/projects/hpcsoft/toss3/common/x86_64/gcc/9.3.0/bin/gcc    -std=c99 -o CMakeFiles/cmTC_7eb9c.dir/feature_tests.c.o   -c /lustre/scratch3/turquoise/rvangara/RD100/distnnmfkcpp_Src/install_dependencies/xianyi-OpenBLAS-6d2da63/CMakeFiles/feature_tests.c
Linking C executable cmTC_7eb9c
/turquoise/usr/projects/hpcsoft/toss3/common/cmake/3.6.2/bin/cmake -E cmake_link_script CMakeFiles/cmTC_7eb9c.dir/link.txt --verbose=1
/usr/projects/hpcsoft/toss3/common/x86_64/gcc/9.3.0/bin/gcc       CMakeFiles/cmTC_7eb9c.dir/feature_tests.c.o  -o cmTC_7eb9c -rdynamic 
gmake[1]: Leaving directory `/lustre/scratch3/turquoise/rvangara/RD100/distnnmfkcpp_Src/install_dependencies/xianyi-OpenBLAS-6d2da63/CMakeFiles/CMakeTmp'


    Feature record: C_FEATURE:1c_function_prototypes
    Feature record: C_FEATURE:1c_restrict
    Feature record: C_FEATURE:0c_static_assert
    Feature record: C_FEATURE:1c_variadic_macros


Detecting C [-std=c90] compiler features compiled with the following output:
Change Dir: /lustre/scratch3/turquoise/rvangara/RD100/distnnmfkcpp_Src/install_dependencies/xianyi-OpenBLAS-6d2da63/CMakeFiles/CMakeTmp

Run Build Command:"/usr/bin/gmake" "cmTC_accff/fast"
/usr/bin/gmake -f CMakeFiles/cmTC_accff.dir/build.make CMakeFiles/cmTC_accff.dir/build
gmake[1]: Entering directory `/lustre/scratch3/turquoise/rvangara/RD100/distnnmfkcpp_Src/install_dependencies/xianyi-OpenBLAS-6d2da63/CMakeFiles/CMakeTmp'
Building C object CMakeFiles/cmTC_accff.dir/feature_tests.c.o
/usr/projects/hpcsoft/toss3/common/x86_64/gcc/9.3.0/bin/gcc    -std=c90 -o CMakeFiles/cmTC_accff.dir/feature_tests.c.o   -c /lustre/scratch3/turquoise/rvangara/RD100/distnnmfkcpp_Src/install_dependencies/xianyi-OpenBLAS-6d2da63/CMakeFiles/feature_tests.c
Linking C executable cmTC_accff
/turquoise/usr/projects/hpcsoft/toss3/common/cmake/3.6.2/bin/cmake -E cmake_link_script CMakeFiles/cmTC_accff.dir/link.txt --verbose=1
/usr/projects/hpcsoft/toss3/common/x86_64/gcc/9.3.0/bin/gcc       CMakeFiles/cmTC_accff.dir/feature_tests.c.o  -o cmTC_accff -rdynamic 
gmake[1]: Leaving directory `/lustre/scratch3/turquoise/rvangara/RD100/distnnmfkcpp_Src/install_dependencies/xianyi-OpenBLAS-6d2da63/CMakeFiles/CMakeTmp'


    Feature record: C_FEATURE:1c_function_prototypes
    Feature record: C_FEATURE:0c_restrict
    Feature record: C_FEATURE:0c_static_assert
    Feature record: C_FEATURE:0c_variadic_macros
Determining if the CXX compiler works passed with the following output:
Change Dir: /lustre/scratch3/turquoise/rvangara/RD100/distnnmfkcpp_Src/install_dependencies/xianyi-OpenBLAS-6d2da63/CMakeFiles/CMakeTmp

Run Build Command:"/usr/bin/gmake" "cmTC_d8f28/fast"
/usr/bin/gmake -f CMakeFiles/cmTC_d8f28.dir/build.make CMakeFiles/cmTC_d8f28.dir/build
gmake[1]: Entering directory `/lustre/scratch3/turquoise/rvangara/RD100/distnnmfkcpp_Src/install_dependencies/xianyi-OpenBLAS-6d2da63/CMakeFiles/CMakeTmp'
Building CXX object CMakeFiles/cmTC_d8f28.dir/testCXXCompiler.cxx.o
/usr/projects/hpcsoft/toss3/common/x86_64/gcc/9.3.0/bin/g++      -o CMakeFiles/cmTC_d8f28.dir/testCXXCompiler.cxx.o -c /lustre/scratch3/turquoise/rvangara/RD100/distnnmfkcpp_Src/install_dependencies/xianyi-OpenBLAS-6d2da63/CMakeFiles/CMakeTmp/testCXXCompiler.cxx
Linking CXX executable cmTC_d8f28
/turquoise/usr/projects/hpcsoft/toss3/common/cmake/3.6.2/bin/cmake -E cmake_link_script CMakeFiles/cmTC_d8f28.dir/link.txt --verbose=1
/usr/projects/hpcsoft/toss3/common/x86_64/gcc/9.3.0/bin/g++        CMakeFiles/cmTC_d8f28.dir/testCXXCompiler.cxx.o  -o cmTC_d8f28 -rdynamic 
gmake[1]: Leaving directory `/lustre/scratch3/turquoise/rvangara/RD100/distnnmfkcpp_Src/install_dependencies/xianyi-OpenBLAS-6d2da63/CMakeFiles/CMakeTmp'


Detecting CXX compiler ABI info compiled with the following output:
Change Dir: /lustre/scratch3/turquoise/rvangara/RD100/distnnmfkcpp_Src/install_dependencies/xianyi-OpenBLAS-6d2da63/CMakeFiles/CMakeTmp

Run Build Command:"/usr/bin/gmake" "cmTC_7529b/fast"
/usr/bin/gmake -f CMakeFiles/cmTC_7529b.dir/build.make CMakeFiles/cmTC_7529b.dir/build
gmake[1]: Entering directory `/lustre/scratch3/turquoise/rvangara/RD100/distnnmfkcpp_Src/install_dependencies/xianyi-OpenBLAS-6d2da63/CMakeFiles/CMakeTmp'
Building CXX object CMakeFiles/cmTC_7529b.dir/CMakeCXXCompilerABI.cpp.o
/usr/projects/hpcsoft/toss3/common/x86_64/gcc/9.3.0/bin/g++      -o CMakeFiles/cmTC_7529b.dir/CMakeCXXCompilerABI.cpp.o -c /turquoise/usr/projects/hpcsoft/toss3/common/cmake/3.6.2/share/cmake-3.6/Modules/CMakeCXXCompilerABI.cpp
Linking CXX executable cmTC_7529b
/turquoise/usr/projects/hpcsoft/toss3/common/cmake/3.6.2/bin/cmake -E cmake_link_script CMakeFiles/cmTC_7529b.dir/link.txt --verbose=1
/usr/projects/hpcsoft/toss3/common/x86_64/gcc/9.3.0/bin/g++       -v CMakeFiles/cmTC_7529b.dir/CMakeCXXCompilerABI.cpp.o  -o cmTC_7529b -rdynamic  
Using built-in specs.
COLLECT_GCC=/usr/projects/hpcsoft/toss3/common/x86_64/gcc/9.3.0/bin/g++
COLLECT_LTO_WRAPPER=/turquoise/usr/projects/hpcsoft/toss3/common/x86_64/gcc/9.3.0/bin/../libexec/gcc/x86_64-pc-linux-gnu/9.3.0/lto-wrapper
OFFLOAD_TARGET_NAMES=nvptx-none
Target: x86_64-pc-linux-gnu
Configured with: ../gcc-9.3.0/configure --enable-threads=posix --enable-__cxa_atexit --enable-lto --enable-checking=release --disable-multilib --enable-languages=c,c++,fortran,go --enable-offload-targets=nvptx-none --prefix=/usr/projects/hpcsoft/toss3/common/x86_64/gcc/9.3.0
Thread model: posix
gcc version 9.3.0 (GCC) 
COMPILER_PATH=/turquoise/usr/projects/hpcsoft/toss3/common/x86_64/gcc/9.3.0/bin/../libexec/gcc/x86_64-pc-linux-gnu/9.3.0/:/turquoise/usr/projects/hpcsoft/toss3/common/x86_64/gcc/9.3.0/bin/../libexec/gcc/
LIBRARY_PATH=/turquoise/usr/projects/hpcsoft/toss3/common/x86_64/gcc/9.3.0/bin/../lib/gcc/x86_64-pc-linux-gnu/9.3.0/:/turquoise/usr/projects/hpcsoft/toss3/common/x86_64/gcc/9.3.0/bin/../lib/gcc/:/turquoise/usr/projects/hpcsoft/toss3/common/x86_64/gcc/9.3.0/bin/../lib/gcc/x86_64-pc-linux-gnu/9.3.0/../../../../lib64/:/lib/../lib64/:/usr/lib/../lib64/:/turquoise/usr/projects/hpcsoft/toss3/common/x86_64/gcc/9.3.0/bin/../lib/gcc/x86_64-pc-linux-gnu/9.3.0/../../../:/lib/:/usr/lib/
COLLECT_GCC_OPTIONS='-v' '-o' 'cmTC_7529b' '-rdynamic' '-shared-libgcc' '-mtune=generic' '-march=x86-64'
 /turquoise/usr/projects/hpcsoft/toss3/common/x86_64/gcc/9.3.0/bin/../libexec/gcc/x86_64-pc-linux-gnu/9.3.0/collect2 -plugin /turquoise/usr/projects/hpcsoft/toss3/common/x86_64/gcc/9.3.0/bin/../libexec/gcc/x86_64-pc-linux-gnu/9.3.0/liblto_plugin.so -plugin-opt=/turquoise/usr/projects/hpcsoft/toss3/common/x86_64/gcc/9.3.0/bin/../libexec/gcc/x86_64-pc-linux-gnu/9.3.0/lto-wrapper -plugin-opt=-fresolution=/tmp/ccdCROwu.res -plugin-opt=-pass-through=-lgcc_s -plugin-opt=-pass-through=-lgcc -plugin-opt=-pass-through=-lc -plugin-opt=-pass-through=-lgcc_s -plugin-opt=-pass-through=-lgcc --eh-frame-hdr -m elf_x86_64 -export-dynamic -dynamic-linker /lib64/ld-linux-x86-64.so.2 -o cmTC_7529b /lib/../lib64/crt1.o /lib/../lib64/crti.o /turquoise/usr/projects/hpcsoft/toss3/common/x86_64/gcc/9.3.0/bin/../lib/gcc/x86_64-pc-linux-gnu/9.3.0/crtbegin.o -L/turquoise/usr/projects/hpcsoft/toss3/common/x86_64/gcc/9.3.0/bin/../lib/gcc/x86_64-pc-linux-gnu/9.3.0 -L/turquoise/usr/projects/hpcsoft/toss3/common/x86_64/gcc/9.3.0/bin/../lib/gcc -L/turquoise/usr/projects/hpcsoft/toss3/common/x86_64/gcc/9.3.0/bin/../lib/gcc/x86_64-pc-linux-gnu/9.3.0/../../../../lib64 -L/lib/../lib64 -L/usr/lib/../lib64 -L/turquoise/usr/projects/hpcsoft/toss3/common/x86_64/gcc/9.3.0/bin/../lib/gcc/x86_64-pc-linux-gnu/9.3.0/../../.. CMakeFiles/cmTC_7529b.dir/CMakeCXXCompilerABI.cpp.o -lstdc++ -lm -lgcc_s -lgcc -lc -lgcc_s -lgcc /turquoise/usr/projects/hpcsoft/toss3/common/x86_64/gcc/9.3.0/bin/../lib/gcc/x86_64-pc-linux-gnu/9.3.0/crtend.o /lib/../lib64/crtn.o
COLLECT_GCC_OPTIONS='-v' '-o' 'cmTC_7529b' '-rdynamic' '-shared-libgcc' '-mtune=generic' '-march=x86-64'
gmake[1]: Leaving directory `/lustre/scratch3/turquoise/rvangara/RD100/distnnmfkcpp_Src/install_dependencies/xianyi-OpenBLAS-6d2da63/CMakeFiles/CMakeTmp'


Parsed CXX implicit link information from above output:
  link line regex: [^( *|.*[/\])(ld|([^/\]+-)?ld|collect2)[^/\]*( |$)]
  ignore line: [Change Dir: /lustre/scratch3/turquoise/rvangara/RD100/distnnmfkcpp_Src/install_dependencies/xianyi-OpenBLAS-6d2da63/CMakeFiles/CMakeTmp]
  ignore line: []
  ignore line: [Run Build Command:"/usr/bin/gmake" "cmTC_7529b/fast"]
  ignore line: [/usr/bin/gmake -f CMakeFiles/cmTC_7529b.dir/build.make CMakeFiles/cmTC_7529b.dir/build]
  ignore line: [gmake[1]: Entering directory `/lustre/scratch3/turquoise/rvangara/RD100/distnnmfkcpp_Src/install_dependencies/xianyi-OpenBLAS-6d2da63/CMakeFiles/CMakeTmp']
  ignore line: [Building CXX object CMakeFiles/cmTC_7529b.dir/CMakeCXXCompilerABI.cpp.o]
  ignore line: [/usr/projects/hpcsoft/toss3/common/x86_64/gcc/9.3.0/bin/g++      -o CMakeFiles/cmTC_7529b.dir/CMakeCXXCompilerABI.cpp.o -c /turquoise/usr/projects/hpcsoft/toss3/common/cmake/3.6.2/share/cmake-3.6/Modules/CMakeCXXCompilerABI.cpp]
  ignore line: [Linking CXX executable cmTC_7529b]
  ignore line: [/turquoise/usr/projects/hpcsoft/toss3/common/cmake/3.6.2/bin/cmake -E cmake_link_script CMakeFiles/cmTC_7529b.dir/link.txt --verbose=1]
  ignore line: [/usr/projects/hpcsoft/toss3/common/x86_64/gcc/9.3.0/bin/g++       -v CMakeFiles/cmTC_7529b.dir/CMakeCXXCompilerABI.cpp.o  -o cmTC_7529b -rdynamic  ]
  ignore line: [Using built-in specs.]
  ignore line: [COLLECT_GCC=/usr/projects/hpcsoft/toss3/common/x86_64/gcc/9.3.0/bin/g++]
  ignore line: [COLLECT_LTO_WRAPPER=/turquoise/usr/projects/hpcsoft/toss3/common/x86_64/gcc/9.3.0/bin/../libexec/gcc/x86_64-pc-linux-gnu/9.3.0/lto-wrapper]
  ignore line: [OFFLOAD_TARGET_NAMES=nvptx-none]
  ignore line: [Target: x86_64-pc-linux-gnu]
  ignore line: [Configured with: ../gcc-9.3.0/configure --enable-threads=posix --enable-__cxa_atexit --enable-lto --enable-checking=release --disable-multilib --enable-languages=c,c++,fortran,go --enable-offload-targets=nvptx-none --prefix=/usr/projects/hpcsoft/toss3/common/x86_64/gcc/9.3.0]
  ignore line: [Thread model: posix]
  ignore line: [gcc version 9.3.0 (GCC) ]
  ignore line: [COMPILER_PATH=/turquoise/usr/projects/hpcsoft/toss3/common/x86_64/gcc/9.3.0/bin/../libexec/gcc/x86_64-pc-linux-gnu/9.3.0/:/turquoise/usr/projects/hpcsoft/toss3/common/x86_64/gcc/9.3.0/bin/../libexec/gcc/]
  ignore line: [LIBRARY_PATH=/turquoise/usr/projects/hpcsoft/toss3/common/x86_64/gcc/9.3.0/bin/../lib/gcc/x86_64-pc-linux-gnu/9.3.0/:/turquoise/usr/projects/hpcsoft/toss3/common/x86_64/gcc/9.3.0/bin/../lib/gcc/:/turquoise/usr/projects/hpcsoft/toss3/common/x86_64/gcc/9.3.0/bin/../lib/gcc/x86_64-pc-linux-gnu/9.3.0/../../../../lib64/:/lib/../lib64/:/usr/lib/../lib64/:/turquoise/usr/projects/hpcsoft/toss3/common/x86_64/gcc/9.3.0/bin/../lib/gcc/x86_64-pc-linux-gnu/9.3.0/../../../:/lib/:/usr/lib/]
  ignore line: [COLLECT_GCC_OPTIONS='-v' '-o' 'cmTC_7529b' '-rdynamic' '-shared-libgcc' '-mtune=generic' '-march=x86-64']
  link line: [ /turquoise/usr/projects/hpcsoft/toss3/common/x86_64/gcc/9.3.0/bin/../libexec/gcc/x86_64-pc-linux-gnu/9.3.0/collect2 -plugin /turquoise/usr/projects/hpcsoft/toss3/common/x86_64/gcc/9.3.0/bin/../libexec/gcc/x86_64-pc-linux-gnu/9.3.0/liblto_plugin.so -plugin-opt=/turquoise/usr/projects/hpcsoft/toss3/common/x86_64/gcc/9.3.0/bin/../libexec/gcc/x86_64-pc-linux-gnu/9.3.0/lto-wrapper -plugin-opt=-fresolution=/tmp/ccdCROwu.res -plugin-opt=-pass-through=-lgcc_s -plugin-opt=-pass-through=-lgcc -plugin-opt=-pass-through=-lc -plugin-opt=-pass-through=-lgcc_s -plugin-opt=-pass-through=-lgcc --eh-frame-hdr -m elf_x86_64 -export-dynamic -dynamic-linker /lib64/ld-linux-x86-64.so.2 -o cmTC_7529b /lib/../lib64/crt1.o /lib/../lib64/crti.o /turquoise/usr/projects/hpcsoft/toss3/common/x86_64/gcc/9.3.0/bin/../lib/gcc/x86_64-pc-linux-gnu/9.3.0/crtbegin.o -L/turquoise/usr/projects/hpcsoft/toss3/common/x86_64/gcc/9.3.0/bin/../lib/gcc/x86_64-pc-linux-gnu/9.3.0 -L/turquoise/usr/projects/hpcsoft/toss3/common/x86_64/gcc/9.3.0/bin/../lib/gcc -L/turquoise/usr/projects/hpcsoft/toss3/common/x86_64/gcc/9.3.0/bin/../lib/gcc/x86_64-pc-linux-gnu/9.3.0/../../../../lib64 -L/lib/../lib64 -L/usr/lib/../lib64 -L/turquoise/usr/projects/hpcsoft/toss3/common/x86_64/gcc/9.3.0/bin/../lib/gcc/x86_64-pc-linux-gnu/9.3.0/../../.. CMakeFiles/cmTC_7529b.dir/CMakeCXXCompilerABI.cpp.o -lstdc++ -lm -lgcc_s -lgcc -lc -lgcc_s -lgcc /turquoise/usr/projects/hpcsoft/toss3/common/x86_64/gcc/9.3.0/bin/../lib/gcc/x86_64-pc-linux-gnu/9.3.0/crtend.o /lib/../lib64/crtn.o]
    arg [/turquoise/usr/projects/hpcsoft/toss3/common/x86_64/gcc/9.3.0/bin/../libexec/gcc/x86_64-pc-linux-gnu/9.3.0/collect2] ==> ignore
    arg [-plugin] ==> ignore
    arg [/turquoise/usr/projects/hpcsoft/toss3/common/x86_64/gcc/9.3.0/bin/../libexec/gcc/x86_64-pc-linux-gnu/9.3.0/liblto_plugin.so] ==> ignore
    arg [-plugin-opt=/turquoise/usr/projects/hpcsoft/toss3/common/x86_64/gcc/9.3.0/bin/../libexec/gcc/x86_64-pc-linux-gnu/9.3.0/lto-wrapper] ==> ignore
    arg [-plugin-opt=-fresolution=/tmp/ccdCROwu.res] ==> ignore
    arg [-plugin-opt=-pass-through=-lgcc_s] ==> ignore
    arg [-plugin-opt=-pass-through=-lgcc] ==> ignore
    arg [-plugin-opt=-pass-through=-lc] ==> ignore
    arg [-plugin-opt=-pass-through=-lgcc_s] ==> ignore
    arg [-plugin-opt=-pass-through=-lgcc] ==> ignore
    arg [--eh-frame-hdr] ==> ignore
    arg [-m] ==> ignore
    arg [elf_x86_64] ==> ignore
    arg [-export-dynamic] ==> ignore
    arg [-dynamic-linker] ==> ignore
    arg [/lib64/ld-linux-x86-64.so.2] ==> ignore
    arg [-o] ==> ignore
    arg [cmTC_7529b] ==> ignore
    arg [/lib/../lib64/crt1.o] ==> ignore
    arg [/lib/../lib64/crti.o] ==> ignore
    arg [/turquoise/usr/projects/hpcsoft/toss3/common/x86_64/gcc/9.3.0/bin/../lib/gcc/x86_64-pc-linux-gnu/9.3.0/crtbegin.o] ==> ignore
    arg [-L/turquoise/usr/projects/hpcsoft/toss3/common/x86_64/gcc/9.3.0/bin/../lib/gcc/x86_64-pc-linux-gnu/9.3.0] ==> dir [/turquoise/usr/projects/hpcsoft/toss3/common/x86_64/gcc/9.3.0/bin/../lib/gcc/x86_64-pc-linux-gnu/9.3.0]
    arg [-L/turquoise/usr/projects/hpcsoft/toss3/common/x86_64/gcc/9.3.0/bin/../lib/gcc] ==> dir [/turquoise/usr/projects/hpcsoft/toss3/common/x86_64/gcc/9.3.0/bin/../lib/gcc]
    arg [-L/turquoise/usr/projects/hpcsoft/toss3/common/x86_64/gcc/9.3.0/bin/../lib/gcc/x86_64-pc-linux-gnu/9.3.0/../../../../lib64] ==> dir [/turquoise/usr/projects/hpcsoft/toss3/common/x86_64/gcc/9.3.0/bin/../lib/gcc/x86_64-pc-linux-gnu/9.3.0/../../../../lib64]
    arg [-L/lib/../lib64] ==> dir [/lib/../lib64]
    arg [-L/usr/lib/../lib64] ==> dir [/usr/lib/../lib64]
    arg [-L/turquoise/usr/projects/hpcsoft/toss3/common/x86_64/gcc/9.3.0/bin/../lib/gcc/x86_64-pc-linux-gnu/9.3.0/../../..] ==> dir [/turquoise/usr/projects/hpcsoft/toss3/common/x86_64/gcc/9.3.0/bin/../lib/gcc/x86_64-pc-linux-gnu/9.3.0/../../..]
    arg [CMakeFiles/cmTC_7529b.dir/CMakeCXXCompilerABI.cpp.o] ==> ignore
    arg [-lstdc++] ==> lib [stdc++]
    arg [-lm] ==> lib [m]
    arg [-lgcc_s] ==> lib [gcc_s]
    arg [-lgcc] ==> lib [gcc]
    arg [-lc] ==> lib [c]
    arg [-lgcc_s] ==> lib [gcc_s]
    arg [-lgcc] ==> lib [gcc]
    arg [/turquoise/usr/projects/hpcsoft/toss3/common/x86_64/gcc/9.3.0/bin/../lib/gcc/x86_64-pc-linux-gnu/9.3.0/crtend.o] ==> ignore
    arg [/lib/../lib64/crtn.o] ==> ignore
  remove lib [gcc_s]
  remove lib [gcc]
  remove lib [gcc_s]
  remove lib [gcc]
  collapse library dir [/turquoise/usr/projects/hpcsoft/toss3/common/x86_64/gcc/9.3.0/bin/../lib/gcc/x86_64-pc-linux-gnu/9.3.0] ==> [/turquoise/usr/projects/hpcsoft/toss3/common/x86_64/gcc/9.3.0/lib/gcc/x86_64-pc-linux-gnu/9.3.0]
  collapse library dir [/turquoise/usr/projects/hpcsoft/toss3/common/x86_64/gcc/9.3.0/bin/../lib/gcc] ==> [/turquoise/usr/projects/hpcsoft/toss3/common/x86_64/gcc/9.3.0/lib/gcc]
  collapse library dir [/turquoise/usr/projects/hpcsoft/toss3/common/x86_64/gcc/9.3.0/bin/../lib/gcc/x86_64-pc-linux-gnu/9.3.0/../../../../lib64] ==> [/turquoise/usr/projects/hpcsoft/toss3/common/x86_64/gcc/9.3.0/lib64]
  collapse library dir [/lib/../lib64] ==> [/lib64]
  collapse library dir [/usr/lib/../lib64] ==> [/usr/lib64]
  collapse library dir [/turquoise/usr/projects/hpcsoft/toss3/common/x86_64/gcc/9.3.0/bin/../lib/gcc/x86_64-pc-linux-gnu/9.3.0/../../..] ==> [/turquoise/usr/projects/hpcsoft/toss3/common/x86_64/gcc/9.3.0/lib]
  implicit libs: [stdc++;m;c]
  implicit dirs: [/turquoise/usr/projects/hpcsoft/toss3/common/x86_64/gcc/9.3.0/lib/gcc/x86_64-pc-linux-gnu/9.3.0;/turquoise/usr/projects/hpcsoft/toss3/common/x86_64/gcc/9.3.0/lib/gcc;/turquoise/usr/projects/hpcsoft/toss3/common/x86_64/gcc/9.3.0/lib64;/lib64;/usr/lib64;/turquoise/usr/projects/hpcsoft/toss3/common/x86_64/gcc/9.3.0/lib]
  implicit fwks: []




Detecting CXX [-std=c++14] compiler features compiled with the following output:
Change Dir: /lustre/scratch3/turquoise/rvangara/RD100/distnnmfkcpp_Src/install_dependencies/xianyi-OpenBLAS-6d2da63/CMakeFiles/CMakeTmp

Run Build Command:"/usr/bin/gmake" "cmTC_114bd/fast"
/usr/bin/gmake -f CMakeFiles/cmTC_114bd.dir/build.make CMakeFiles/cmTC_114bd.dir/build
gmake[1]: Entering directory `/lustre/scratch3/turquoise/rvangara/RD100/distnnmfkcpp_Src/install_dependencies/xianyi-OpenBLAS-6d2da63/CMakeFiles/CMakeTmp'
Building CXX object CMakeFiles/cmTC_114bd.dir/feature_tests.cxx.o
/usr/projects/hpcsoft/toss3/common/x86_64/gcc/9.3.0/bin/g++     -std=c++14 -o CMakeFiles/cmTC_114bd.dir/feature_tests.cxx.o -c /lustre/scratch3/turquoise/rvangara/RD100/distnnmfkcpp_Src/install_dependencies/xianyi-OpenBLAS-6d2da63/CMakeFiles/feature_tests.cxx
Linking CXX executable cmTC_114bd
/turquoise/usr/projects/hpcsoft/toss3/common/cmake/3.6.2/bin/cmake -E cmake_link_script CMakeFiles/cmTC_114bd.dir/link.txt --verbose=1
/usr/projects/hpcsoft/toss3/common/x86_64/gcc/9.3.0/bin/g++        CMakeFiles/cmTC_114bd.dir/feature_tests.cxx.o  -o cmTC_114bd -rdynamic 
gmake[1]: Leaving directory `/lustre/scratch3/turquoise/rvangara/RD100/distnnmfkcpp_Src/install_dependencies/xianyi-OpenBLAS-6d2da63/CMakeFiles/CMakeTmp'


    Feature record: CXX_FEATURE:1cxx_aggregate_default_initializers
    Feature record: CXX_FEATURE:1cxx_alias_templates
    Feature record: CXX_FEATURE:1cxx_alignas
    Feature record: CXX_FEATURE:1cxx_alignof
    Feature record: CXX_FEATURE:1cxx_attributes
    Feature record: CXX_FEATURE:1cxx_attribute_deprecated
    Feature record: CXX_FEATURE:1cxx_auto_type
    Feature record: CXX_FEATURE:1cxx_binary_literals
    Feature record: CXX_FEATURE:1cxx_constexpr
    Feature record: CXX_FEATURE:1cxx_contextual_conversions
    Feature record: CXX_FEATURE:1cxx_decltype
    Feature record: CXX_FEATURE:1cxx_decltype_auto
    Feature record: CXX_FEATURE:1cxx_decltype_incomplete_return_types
    Feature record: CXX_FEATURE:1cxx_default_function_template_args
    Feature record: CXX_FEATURE:1cxx_defaulted_functions
    Feature record: CXX_FEATURE:1cxx_defaulted_move_initializers
    Feature record: CXX_FEATURE:1cxx_delegating_constructors
    Feature record: CXX_FEATURE:1cxx_deleted_functions
    Feature record: CXX_FEATURE:1cxx_digit_separators
    Feature record: CXX_FEATURE:1cxx_enum_forward_declarations
    Feature record: CXX_FEATURE:1cxx_explicit_conversions
    Feature record: CXX_FEATURE:1cxx_extended_friend_declarations
    Feature record: CXX_FEATURE:1cxx_extern_templates
    Feature record: CXX_FEATURE:1cxx_final
    Feature record: CXX_FEATURE:1cxx_func_identifier
    Feature record: CXX_FEATURE:1cxx_generalized_initializers
    Feature record: CXX_FEATURE:1cxx_generic_lambdas
    Feature record: CXX_FEATURE:1cxx_inheriting_constructors
    Feature record: CXX_FEATURE:1cxx_inline_namespaces
    Feature record: CXX_FEATURE:1cxx_lambdas
    Feature record: CXX_FEATURE:1cxx_lambda_init_captures
    Feature record: CXX_FEATURE:1cxx_local_type_template_args
    Feature record: CXX_FEATURE:1cxx_long_long_type
    Feature record: CXX_FEATURE:1cxx_noexcept
    Feature record: CXX_FEATURE:1cxx_nonstatic_member_init
    Feature record: CXX_FEATURE:1cxx_nullptr
    Feature record: CXX_FEATURE:1cxx_override
    Feature record: CXX_FEATURE:1cxx_range_for
    Feature record: CXX_FEATURE:1cxx_raw_string_literals
    Feature record: CXX_FEATURE:1cxx_reference_qualified_functions
    Feature record: CXX_FEATURE:1cxx_relaxed_constexpr
    Feature record: CXX_FEATURE:1cxx_return_type_deduction
    Feature record: CXX_FEATURE:1cxx_right_angle_brackets
    Feature record: CXX_FEATURE:1cxx_rvalue_references
    Feature record: CXX_FEATURE:1cxx_sizeof_member
    Feature record: CXX_FEATURE:1cxx_static_assert
    Feature record: CXX_FEATURE:1cxx_strong_enums
    Feature record: CXX_FEATURE:1cxx_template_template_parameters
    Feature record: CXX_FEATURE:1cxx_thread_local
    Feature record: CXX_FEATURE:1cxx_trailing_return_types
    Feature record: CXX_FEATURE:1cxx_unicode_literals
    Feature record: CXX_FEATURE:1cxx_uniform_initialization
    Feature record: CXX_FEATURE:1cxx_unrestricted_unions
    Feature record: CXX_FEATURE:1cxx_user_literals
    Feature record: CXX_FEATURE:1cxx_variable_templates
    Feature record: CXX_FEATURE:1cxx_variadic_macros
    Feature record: CXX_FEATURE:1cxx_variadic_templates


Detecting CXX [-std=c++11] compiler features compiled with the following output:
Change Dir: /lustre/scratch3/turquoise/rvangara/RD100/distnnmfkcpp_Src/install_dependencies/xianyi-OpenBLAS-6d2da63/CMakeFiles/CMakeTmp

Run Build Command:"/usr/bin/gmake" "cmTC_55fdd/fast"
/usr/bin/gmake -f CMakeFiles/cmTC_55fdd.dir/build.make CMakeFiles/cmTC_55fdd.dir/build
gmake[1]: Entering directory `/lustre/scratch3/turquoise/rvangara/RD100/distnnmfkcpp_Src/install_dependencies/xianyi-OpenBLAS-6d2da63/CMakeFiles/CMakeTmp'
Building CXX object CMakeFiles/cmTC_55fdd.dir/feature_tests.cxx.o
/usr/projects/hpcsoft/toss3/common/x86_64/gcc/9.3.0/bin/g++     -std=c++11 -o CMakeFiles/cmTC_55fdd.dir/feature_tests.cxx.o -c /lustre/scratch3/turquoise/rvangara/RD100/distnnmfkcpp_Src/install_dependencies/xianyi-OpenBLAS-6d2da63/CMakeFiles/feature_tests.cxx
Linking CXX executable cmTC_55fdd
/turquoise/usr/projects/hpcsoft/toss3/common/cmake/3.6.2/bin/cmake -E cmake_link_script CMakeFiles/cmTC_55fdd.dir/link.txt --verbose=1
/usr/projects/hpcsoft/toss3/common/x86_64/gcc/9.3.0/bin/g++        CMakeFiles/cmTC_55fdd.dir/feature_tests.cxx.o  -o cmTC_55fdd -rdynamic 
gmake[1]: Leaving directory `/lustre/scratch3/turquoise/rvangara/RD100/distnnmfkcpp_Src/install_dependencies/xianyi-OpenBLAS-6d2da63/CMakeFiles/CMakeTmp'


    Feature record: CXX_FEATURE:0cxx_aggregate_default_initializers
    Feature record: CXX_FEATURE:1cxx_alias_templates
    Feature record: CXX_FEATURE:1cxx_alignas
    Feature record: CXX_FEATURE:1cxx_alignof
    Feature record: CXX_FEATURE:1cxx_attributes
    Feature record: CXX_FEATURE:0cxx_attribute_deprecated
    Feature record: CXX_FEATURE:1cxx_auto_type
    Feature record: CXX_FEATURE:0cxx_binary_literals
    Feature record: CXX_FEATURE:1cxx_constexpr
    Feature record: CXX_FEATURE:0cxx_contextual_conversions
    Feature record: CXX_FEATURE:1cxx_decltype
    Feature record: CXX_FEATURE:0cxx_decltype_auto
    Feature record: CXX_FEATURE:1cxx_decltype_incomplete_return_types
    Feature record: CXX_FEATURE:1cxx_default_function_template_args
    Feature record: CXX_FEATURE:1cxx_defaulted_functions
    Feature record: CXX_FEATURE:1cxx_defaulted_move_initializers
    Feature record: CXX_FEATURE:1cxx_delegating_constructors
    Feature record: CXX_FEATURE:1cxx_deleted_functions
    Feature record: CXX_FEATURE:0cxx_digit_separators
    Feature record: CXX_FEATURE:1cxx_enum_forward_declarations
    Feature record: CXX_FEATURE:1cxx_explicit_conversions
    Feature record: CXX_FEATURE:1cxx_extended_friend_declarations
    Feature record: CXX_FEATURE:1cxx_extern_templates
    Feature record: CXX_FEATURE:1cxx_final
    Feature record: CXX_FEATURE:1cxx_func_identifier
    Feature record: CXX_FEATURE:1cxx_generalized_initializers
    Feature record: CXX_FEATURE:0cxx_generic_lambdas
    Feature record: CXX_FEATURE:1cxx_inheriting_constructors
    Feature record: CXX_FEATURE:1cxx_inline_namespaces
    Feature record: CXX_FEATURE:1cxx_lambdas
    Feature record: CXX_FEATURE:0cxx_lambda_init_captures
    Feature record: CXX_FEATURE:1cxx_local_type_template_args
    Feature record: CXX_FEATURE:1cxx_long_long_type
    Feature record: CXX_FEATURE:1cxx_noexcept
    Feature record: CXX_FEATURE:1cxx_nonstatic_member_init
    Feature record: CXX_FEATURE:1cxx_nullptr
    Feature record: CXX_FEATURE:1cxx_override
    Feature record: CXX_FEATURE:1cxx_range_for
    Feature record: CXX_FEATURE:1cxx_raw_string_literals
    Feature record: CXX_FEATURE:1cxx_reference_qualified_functions
    Feature record: CXX_FEATURE:0cxx_relaxed_constexpr
    Feature record: CXX_FEATURE:0cxx_return_type_deduction
    Feature record: CXX_FEATURE:1cxx_right_angle_brackets
    Feature record: CXX_FEATURE:1cxx_rvalue_references
    Feature record: CXX_FEATURE:1cxx_sizeof_member
    Feature record: CXX_FEATURE:1cxx_static_assert
    Feature record: CXX_FEATURE:1cxx_strong_enums
    Feature record: CXX_FEATURE:1cxx_template_template_parameters
    Feature record: CXX_FEATURE:1cxx_thread_local
    Feature record: CXX_FEATURE:1cxx_trailing_return_types
    Feature record: CXX_FEATURE:1cxx_unicode_literals
    Feature record: CXX_FEATURE:1cxx_uniform_initialization
    Feature record: CXX_FEATURE:1cxx_unrestricted_unions
    Feature record: CXX_FEATURE:1cxx_user_literals
    Feature record: CXX_FEATURE:0cxx_variable_templates
    Feature record: CXX_FEATURE:1cxx_variadic_macros
    Feature record: CXX_FEATURE:1cxx_variadic_templates


Detecting CXX [-std=c++98] compiler features compiled with the following output:
Change Dir: /lustre/scratch3/turquoise/rvangara/RD100/distnnmfkcpp_Src/install_dependencies/xianyi-OpenBLAS-6d2da63/CMakeFiles/CMakeTmp

Run Build Command:"/usr/bin/gmake" "cmTC_0bdec/fast"
/usr/bin/gmake -f CMakeFiles/cmTC_0bdec.dir/build.make CMakeFiles/cmTC_0bdec.dir/build
gmake[1]: Entering directory `/lustre/scratch3/turquoise/rvangara/RD100/distnnmfkcpp_Src/install_dependencies/xianyi-OpenBLAS-6d2da63/CMakeFiles/CMakeTmp'
Building CXX object CMakeFiles/cmTC_0bdec.dir/feature_tests.cxx.o
/usr/projects/hpcsoft/toss3/common/x86_64/gcc/9.3.0/bin/g++     -std=c++98 -o CMakeFiles/cmTC_0bdec.dir/feature_tests.cxx.o -c /lustre/scratch3/turquoise/rvangara/RD100/distnnmfkcpp_Src/install_dependencies/xianyi-OpenBLAS-6d2da63/CMakeFiles/feature_tests.cxx
Linking CXX executable cmTC_0bdec
/turquoise/usr/projects/hpcsoft/toss3/common/cmake/3.6.2/bin/cmake -E cmake_link_script CMakeFiles/cmTC_0bdec.dir/link.txt --verbose=1
/usr/projects/hpcsoft/toss3/common/x86_64/gcc/9.3.0/bin/g++        CMakeFiles/cmTC_0bdec.dir/feature_tests.cxx.o  -o cmTC_0bdec -rdynamic 
gmake[1]: Leaving directory `/lustre/scratch3/turquoise/rvangara/RD100/distnnmfkcpp_Src/install_dependencies/xianyi-OpenBLAS-6d2da63/CMakeFiles/CMakeTmp'


    Feature record: CXX_FEATURE:0cxx_aggregate_default_initializers
    Feature record: CXX_FEATURE:0cxx_alias_templates
    Feature record: CXX_FEATURE:0cxx_alignas
    Feature record: CXX_FEATURE:0cxx_alignof
    Feature record: CXX_FEATURE:0cxx_attributes
    Feature record: CXX_FEATURE:0cxx_attribute_deprecated
    Feature record: CXX_FEATURE:0cxx_auto_type
    Feature record: CXX_FEATURE:0cxx_binary_literals
    Feature record: CXX_FEATURE:0cxx_constexpr
    Feature record: CXX_FEATURE:0cxx_contextual_conversions
    Feature record: CXX_FEATURE:0cxx_decltype
    Feature record: CXX_FEATURE:0cxx_decltype_auto
    Feature record: CXX_FEATURE:0cxx_decltype_incomplete_return_types
    Feature record: CXX_FEATURE:0cxx_default_function_template_args
    Feature record: CXX_FEATURE:0cxx_defaulted_functions
    Feature record: CXX_FEATURE:0cxx_defaulted_move_initializers
    Feature record: CXX_FEATURE:0cxx_delegating_constructors
    Feature record: CXX_FEATURE:0cxx_deleted_functions
    Feature record: CXX_FEATURE:0cxx_digit_separators
    Feature record: CXX_FEATURE:0cxx_enum_forward_declarations
    Feature record: CXX_FEATURE:0cxx_explicit_conversions
    Feature record: CXX_FEATURE:0cxx_extended_friend_declarations
    Feature record: CXX_FEATURE:0cxx_extern_templates
    Feature record: CXX_FEATURE:0cxx_final
    Feature record: CXX_FEATURE:0cxx_func_identifier
    Feature record: CXX_FEATURE:0cxx_generalized_initializers
    Feature record: CXX_FEATURE:0cxx_generic_lambdas
    Feature record: CXX_FEATURE:0cxx_inheriting_constructors
    Feature record: CXX_FEATURE:0cxx_inline_namespaces
    Feature record: CXX_FEATURE:0cxx_lambdas
    Feature record: CXX_FEATURE:0cxx_lambda_init_captures
    Feature record: CXX_FEATURE:0cxx_local_type_template_args
    Feature record: CXX_FEATURE:0cxx_long_long_type
    Feature record: CXX_FEATURE:0cxx_noexcept
    Feature record: CXX_FEATURE:0cxx_nonstatic_member_init
    Feature record: CXX_FEATURE:0cxx_nullptr
    Feature record: CXX_FEATURE:0cxx_override
    Feature record: CXX_FEATURE:0cxx_range_for
    Feature record: CXX_FEATURE:0cxx_raw_string_literals
    Feature record: CXX_FEATURE:0cxx_reference_qualified_functions
    Feature record: CXX_FEATURE:0cxx_relaxed_constexpr
    Feature record: CXX_FEATURE:0cxx_return_type_deduction
    Feature record: CXX_FEATURE:0cxx_right_angle_brackets
    Feature record: CXX_FEATURE:0cxx_rvalue_references
    Feature record: CXX_FEATURE:0cxx_sizeof_member
    Feature record: CXX_FEATURE:0cxx_static_assert
    Feature record: CXX_FEATURE:0cxx_strong_enums
    Feature record: CXX_FEATURE:1cxx_template_template_parameters
    Feature record: CXX_FEATURE:0cxx_thread_local
    Feature record: CXX_FEATURE:0cxx_trailing_return_types
    Feature record: CXX_FEATURE:0cxx_unicode_literals
    Feature record: CXX_FEATURE:0cxx_uniform_initialization
    Feature record: CXX_FEATURE:0cxx_unrestricted_unions
    Feature record: CXX_FEATURE:0cxx_user_literals
    Feature record: CXX_FEATURE:0cxx_variable_templates
    Feature record: CXX_FEATURE:0cxx_variadic_macros
    Feature record: CXX_FEATURE:0cxx_variadic_templates
Compiling the Fortran compiler identification source file "CMakeFortranCompilerId.F" succeeded.
Compiler: /usr/projects/hpcsoft/toss3/common/x86_64/gcc/9.3.0/bin/gfortran 
Build flags: 
Id flags: -v

The output was:
0
Driving: /usr/projects/hpcsoft/toss3/common/x86_64/gcc/9.3.0/bin/gfortran -v CMakeFortranCompilerId.F -l gfortran -l m -shared-libgcc
Using built-in specs.
COLLECT_GCC=/usr/projects/hpcsoft/toss3/common/x86_64/gcc/9.3.0/bin/gfortran
COLLECT_LTO_WRAPPER=/turquoise/usr/projects/hpcsoft/toss3/common/x86_64/gcc/9.3.0/bin/../libexec/gcc/x86_64-pc-linux-gnu/9.3.0/lto-wrapper
OFFLOAD_TARGET_NAMES=nvptx-none
Target: x86_64-pc-linux-gnu
Configured with: ../gcc-9.3.0/configure --enable-threads=posix --enable-__cxa_atexit --enable-lto --enable-checking=release --disable-multilib --enable-languages=c,c++,fortran,go --enable-offload-targets=nvptx-none --prefix=/usr/projects/hpcsoft/toss3/common/x86_64/gcc/9.3.0
Thread model: posix
gcc version 9.3.0 (GCC) 
COLLECT_GCC_OPTIONS='-v' '-shared-libgcc' '-mtune=generic' '-march=x86-64'
 /turquoise/usr/projects/hpcsoft/toss3/common/x86_64/gcc/9.3.0/bin/../libexec/gcc/x86_64-pc-linux-gnu/9.3.0/f951 CMakeFortranCompilerId.F -ffixed-form -cpp=/tmp/cciCJ8BX.f90 -quiet -v -iprefix /turquoise/usr/projects/hpcsoft/toss3/common/x86_64/gcc/9.3.0/bin/../lib/gcc/x86_64-pc-linux-gnu/9.3.0/ CMakeFortranCompilerId.F -quiet -dumpbase CMakeFortranCompilerId.F -mtune=generic -march=x86-64 -auxbase CMakeFortranCompilerId -version -fintrinsic-modules-path /turquoise/usr/projects/hpcsoft/toss3/common/x86_64/gcc/9.3.0/bin/../lib/gcc/x86_64-pc-linux-gnu/9.3.0/finclude -o /tmp/ccNwTEvi.s
GNU Fortran (GCC) version 9.3.0 (x86_64-pc-linux-gnu)
	compiled by GNU C version 9.3.0, GMP version 6.1.0, MPFR version 3.1.4, MPC version 1.0.3, isl version isl-0.18-GMP

GGC heuristics: --param ggc-min-expand=100 --param ggc-min-heapsize=131072
ignoring nonexistent directory "/turquoise/usr/projects/hpcsoft/toss3/common/x86_64/gcc/9.3.0/bin/../lib/gcc/x86_64-pc-linux-gnu/9.3.0/../../../../x86_64-pc-linux-gnu/include"
ignoring duplicate directory "/turquoise/usr/projects/hpcsoft/toss3/common/x86_64/gcc/9.3.0/bin/../lib/gcc/../../lib/gcc/x86_64-pc-linux-gnu/9.3.0/include"
ignoring duplicate directory "/turquoise/usr/projects/hpcsoft/toss3/common/x86_64/gcc/9.3.0/bin/../lib/gcc/../../lib/gcc/x86_64-pc-linux-gnu/9.3.0/include-fixed"
ignoring nonexistent directory "/turquoise/usr/projects/hpcsoft/toss3/common/x86_64/gcc/9.3.0/bin/../lib/gcc/../../lib/gcc/x86_64-pc-linux-gnu/9.3.0/../../../../x86_64-pc-linux-gnu/include"
#include "..." search starts here:
#include <...> search starts here:
 /turquoise/usr/projects/hpcsoft/toss3/common/x86_64/gcc/9.3.0/bin/../lib/gcc/x86_64-pc-linux-gnu/9.3.0/finclude
 /usr/projects/hpcsoft/toss3/grizzly/openmpi/3.1.6-gcc-9.3.0/include
 /turquoise/usr/projects/hpcsoft/toss3/common/x86_64/gcc/9.3.0/bin/../lib/gcc/x86_64-pc-linux-gnu/9.3.0/include
 /turquoise/usr/projects/hpcsoft/toss3/common/x86_64/gcc/9.3.0/bin/../lib/gcc/x86_64-pc-linux-gnu/9.3.0/include-fixed
 /usr/local/include
 /turquoise/usr/projects/hpcsoft/toss3/common/x86_64/gcc/9.3.0/bin/../lib/gcc/../../include
 /usr/include
End of search list.
GNU Fortran2008 (GCC) version 9.3.0 (x86_64-pc-linux-gnu)
	compiled by GNU C version 9.3.0, GMP version 6.1.0, MPFR version 3.1.4, MPC version 1.0.3, isl version isl-0.18-GMP

GGC heuristics: --param ggc-min-expand=100 --param ggc-min-heapsize=131072
COLLECT_GCC_OPTIONS='-v' '-shared-libgcc' '-mtune=generic' '-march=x86-64'
 as -v --64 -o /tmp/ccA9fGsD.o /tmp/ccNwTEvi.s
GNU assembler version 2.27 (x86_64-redhat-linux) using BFD version version 2.27-43.base.el7_8.1
Reading specs from /turquoise/usr/projects/hpcsoft/toss3/common/x86_64/gcc/9.3.0/bin/../lib/gcc/x86_64-pc-linux-gnu/9.3.0/../../../../lib64/libgfortran.spec
rename spec lib to liborig
COLLECT_GCC_OPTIONS='-v' '-shared-libgcc' '-mtune=generic' '-march=x86-64'
COMPILER_PATH=/turquoise/usr/projects/hpcsoft/toss3/common/x86_64/gcc/9.3.0/bin/../libexec/gcc/x86_64-pc-linux-gnu/9.3.0/:/turquoise/usr/projects/hpcsoft/toss3/common/x86_64/gcc/9.3.0/bin/../libexec/gcc/
LIBRARY_PATH=/turquoise/usr/projects/hpcsoft/toss3/common/x86_64/gcc/9.3.0/bin/../lib/gcc/x86_64-pc-linux-gnu/9.3.0/:/turquoise/usr/projects/hpcsoft/toss3/common/x86_64/gcc/9.3.0/bin/../lib/gcc/:/turquoise/usr/projects/hpcsoft/toss3/common/x86_64/gcc/9.3.0/bin/../lib/gcc/x86_64-pc-linux-gnu/9.3.0/../../../../lib64/:/lib/../lib64/:/usr/lib/../lib64/:/turquoise/usr/projects/hpcsoft/toss3/common/x86_64/gcc/9.3.0/bin/../lib/gcc/x86_64-pc-linux-gnu/9.3.0/../../../:/lib/:/usr/lib/
COLLECT_GCC_OPTIONS='-v' '-shared-libgcc' '-mtune=generic' '-march=x86-64'
 /turquoise/usr/projects/hpcsoft/toss3/common/x86_64/gcc/9.3.0/bin/../libexec/gcc/x86_64-pc-linux-gnu/9.3.0/collect2 -plugin /turquoise/usr/projects/hpcsoft/toss3/common/x86_64/gcc/9.3.0/bin/../libexec/gcc/x86_64-pc-linux-gnu/9.3.0/liblto_plugin.so -plugin-opt=/turquoise/usr/projects/hpcsoft/toss3/common/x86_64/gcc/9.3.0/bin/../libexec/gcc/x86_64-pc-linux-gnu/9.3.0/lto-wrapper -plugin-opt=-fresolution=/tmp/ccDo0MqY.res -plugin-opt=-pass-through=-lgcc_s -plugin-opt=-pass-through=-lgcc -plugin-opt=-pass-through=-lquadmath -plugin-opt=-pass-through=-lm -plugin-opt=-pass-through=-lgcc_s -plugin-opt=-pass-through=-lgcc -plugin-opt=-pass-through=-lc -plugin-opt=-pass-through=-lgcc_s -plugin-opt=-pass-through=-lgcc --eh-frame-hdr -m elf_x86_64 -dynamic-linker /lib64/ld-linux-x86-64.so.2 /lib/../lib64/crt1.o /lib/../lib64/crti.o /turquoise/usr/projects/hpcsoft/toss3/common/x86_64/gcc/9.3.0/bin/../lib/gcc/x86_64-pc-linux-gnu/9.3.0/crtbegin.o -L/turquoise/usr/projects/hpcsoft/toss3/common/x86_64/gcc/9.3.0/bin/../lib/gcc/x86_64-pc-linux-gnu/9.3.0 -L/turquoise/usr/projects/hpcsoft/toss3/common/x86_64/gcc/9.3.0/bin/../lib/gcc -L/turquoise/usr/projects/hpcsoft/toss3/common/x86_64/gcc/9.3.0/bin/../lib/gcc/x86_64-pc-linux-gnu/9.3.0/../../../../lib64 -L/lib/../lib64 -L/usr/lib/../lib64 -L/turquoise/usr/projects/hpcsoft/toss3/common/x86_64/gcc/9.3.0/bin/../lib/gcc/x86_64-pc-linux-gnu/9.3.0/../../.. /tmp/ccA9fGsD.o -lgfortran -lm -lgcc_s -lgcc -lquadmath -lm -lgcc_s -lgcc -lc -lgcc_s -lgcc /turquoise/usr/projects/hpcsoft/toss3/common/x86_64/gcc/9.3.0/bin/../lib/gcc/x86_64-pc-linux-gnu/9.3.0/crtend.o /lib/../lib64/crtn.o
COLLECT_GCC_OPTIONS='-v' '-shared-libgcc' '-mtune=generic' '-march=x86-64'


Compilation of the Fortran compiler identification source "CMakeFortranCompilerId.F" produced "a.out"

The Fortran compiler identification is GNU, found in "/lustre/scratch3/turquoise/rvangara/RD100/distnnmfkcpp_Src/install_dependencies/xianyi-OpenBLAS-6d2da63/CMakeFiles/3.6.2/CompilerIdFortran/a.out"

Determining if the Fortran compiler works passed with the following output:
Change Dir: /lustre/scratch3/turquoise/rvangara/RD100/distnnmfkcpp_Src/install_dependencies/xianyi-OpenBLAS-6d2da63/CMakeFiles/CMakeTmp

Run Build Command:"/usr/bin/gmake" "cmTC_cea90/fast"
/usr/bin/gmake -f CMakeFiles/cmTC_cea90.dir/build.make CMakeFiles/cmTC_cea90.dir/build
gmake[1]: Entering directory `/lustre/scratch3/turquoise/rvangara/RD100/distnnmfkcpp_Src/install_dependencies/xianyi-OpenBLAS-6d2da63/CMakeFiles/CMakeTmp'
Building Fortran object CMakeFiles/cmTC_cea90.dir/testFortranCompiler.f.o
/usr/projects/hpcsoft/toss3/common/x86_64/gcc/9.3.0/bin/gfortran     -c /lustre/scratch3/turquoise/rvangara/RD100/distnnmfkcpp_Src/install_dependencies/xianyi-OpenBLAS-6d2da63/CMakeFiles/CMakeTmp/testFortranCompiler.f -o CMakeFiles/cmTC_cea90.dir/testFortranCompiler.f.o
Linking Fortran executable cmTC_cea90
/turquoise/usr/projects/hpcsoft/toss3/common/cmake/3.6.2/bin/cmake -E cmake_link_script CMakeFiles/cmTC_cea90.dir/link.txt --verbose=1
/usr/projects/hpcsoft/toss3/common/x86_64/gcc/9.3.0/bin/gfortran       CMakeFiles/cmTC_cea90.dir/testFortranCompiler.f.o  -o cmTC_cea90  
gmake[1]: Leaving directory `/lustre/scratch3/turquoise/rvangara/RD100/distnnmfkcpp_Src/install_dependencies/xianyi-OpenBLAS-6d2da63/CMakeFiles/CMakeTmp'


Detecting Fortran compiler ABI info compiled with the following output:
Change Dir: /lustre/scratch3/turquoise/rvangara/RD100/distnnmfkcpp_Src/install_dependencies/xianyi-OpenBLAS-6d2da63/CMakeFiles/CMakeTmp

Run Build Command:"/usr/bin/gmake" "cmTC_6cbf0/fast"
/usr/bin/gmake -f CMakeFiles/cmTC_6cbf0.dir/build.make CMakeFiles/cmTC_6cbf0.dir/build
gmake[1]: Entering directory `/lustre/scratch3/turquoise/rvangara/RD100/distnnmfkcpp_Src/install_dependencies/xianyi-OpenBLAS-6d2da63/CMakeFiles/CMakeTmp'
Building Fortran object CMakeFiles/cmTC_6cbf0.dir/CMakeFortranCompilerABI.F.o
/usr/projects/hpcsoft/toss3/common/x86_64/gcc/9.3.0/bin/gfortran     -c /turquoise/usr/projects/hpcsoft/toss3/common/cmake/3.6.2/share/cmake-3.6/Modules/CMakeFortranCompilerABI.F -o CMakeFiles/cmTC_6cbf0.dir/CMakeFortranCompilerABI.F.o
Linking Fortran executable cmTC_6cbf0
/turquoise/usr/projects/hpcsoft/toss3/common/cmake/3.6.2/bin/cmake -E cmake_link_script CMakeFiles/cmTC_6cbf0.dir/link.txt --verbose=1
/usr/projects/hpcsoft/toss3/common/x86_64/gcc/9.3.0/bin/gfortran    -v   CMakeFiles/cmTC_6cbf0.dir/CMakeFortranCompilerABI.F.o  -o cmTC_6cbf0   
Driving: /usr/projects/hpcsoft/toss3/common/x86_64/gcc/9.3.0/bin/gfortran -v CMakeFiles/cmTC_6cbf0.dir/CMakeFortranCompilerABI.F.o -o cmTC_6cbf0 -l gfortran -l m -shared-libgcc
Using built-in specs.
COLLECT_GCC=/usr/projects/hpcsoft/toss3/common/x86_64/gcc/9.3.0/bin/gfortran
COLLECT_LTO_WRAPPER=/turquoise/usr/projects/hpcsoft/toss3/common/x86_64/gcc/9.3.0/bin/../libexec/gcc/x86_64-pc-linux-gnu/9.3.0/lto-wrapper
OFFLOAD_TARGET_NAMES=nvptx-none
Target: x86_64-pc-linux-gnu
Configured with: ../gcc-9.3.0/configure --enable-threads=posix --enable-__cxa_atexit --enable-lto --enable-checking=release --disable-multilib --enable-languages=c,c++,fortran,go --enable-offload-targets=nvptx-none --prefix=/usr/projects/hpcsoft/toss3/common/x86_64/gcc/9.3.0
Thread model: posix
gcc version 9.3.0 (GCC) 
Reading specs from /turquoise/usr/projects/hpcsoft/toss3/common/x86_64/gcc/9.3.0/bin/../lib/gcc/x86_64-pc-linux-gnu/9.3.0/../../../../lib64/libgfortran.spec
rename spec lib to liborig
COLLECT_GCC_OPTIONS='-v' '-o' 'cmTC_6cbf0' '-shared-libgcc' '-mtune=generic' '-march=x86-64'
COMPILER_PATH=/turquoise/usr/projects/hpcsoft/toss3/common/x86_64/gcc/9.3.0/bin/../libexec/gcc/x86_64-pc-linux-gnu/9.3.0/:/turquoise/usr/projects/hpcsoft/toss3/common/x86_64/gcc/9.3.0/bin/../libexec/gcc/
LIBRARY_PATH=/turquoise/usr/projects/hpcsoft/toss3/common/x86_64/gcc/9.3.0/bin/../lib/gcc/x86_64-pc-linux-gnu/9.3.0/:/turquoise/usr/projects/hpcsoft/toss3/common/x86_64/gcc/9.3.0/bin/../lib/gcc/:/turquoise/usr/projects/hpcsoft/toss3/common/x86_64/gcc/9.3.0/bin/../lib/gcc/x86_64-pc-linux-gnu/9.3.0/../../../../lib64/:/lib/../lib64/:/usr/lib/../lib64/:/turquoise/usr/projects/hpcsoft/toss3/common/x86_64/gcc/9.3.0/bin/../lib/gcc/x86_64-pc-linux-gnu/9.3.0/../../../:/lib/:/usr/lib/
COLLECT_GCC_OPTIONS='-v' '-o' 'cmTC_6cbf0' '-shared-libgcc' '-mtune=generic' '-march=x86-64'
 /turquoise/usr/projects/hpcsoft/toss3/common/x86_64/gcc/9.3.0/bin/../libexec/gcc/x86_64-pc-linux-gnu/9.3.0/collect2 -plugin /turquoise/usr/projects/hpcsoft/toss3/common/x86_64/gcc/9.3.0/bin/../libexec/gcc/x86_64-pc-linux-gnu/9.3.0/liblto_plugin.so -plugin-opt=/turquoise/usr/projects/hpcsoft/toss3/common/x86_64/gcc/9.3.0/bin/../libexec/gcc/x86_64-pc-linux-gnu/9.3.0/lto-wrapper -plugin-opt=-fresolution=/tmp/ccJn8C2g.res -plugin-opt=-pass-through=-lgcc_s -plugin-opt=-pass-through=-lgcc -plugin-opt=-pass-through=-lquadmath -plugin-opt=-pass-through=-lm -plugin-opt=-pass-through=-lgcc_s -plugin-opt=-pass-through=-lgcc -plugin-opt=-pass-through=-lc -plugin-opt=-pass-through=-lgcc_s -plugin-opt=-pass-through=-lgcc --eh-frame-hdr -m elf_x86_64 -dynamic-linker /lib64/ld-linux-x86-64.so.2 -o cmTC_6cbf0 /lib/../lib64/crt1.o /lib/../lib64/crti.o /turquoise/usr/projects/hpcsoft/toss3/common/x86_64/gcc/9.3.0/bin/../lib/gcc/x86_64-pc-linux-gnu/9.3.0/crtbegin.o -L/turquoise/usr/projects/hpcsoft/toss3/common/x86_64/gcc/9.3.0/bin/../lib/gcc/x86_64-pc-linux-gnu/9.3.0 -L/turquoise/usr/projects/hpcsoft/toss3/common/x86_64/gcc/9.3.0/bin/../lib/gcc -L/turquoise/usr/projects/hpcsoft/toss3/common/x86_64/gcc/9.3.0/bin/../lib/gcc/x86_64-pc-linux-gnu/9.3.0/../../../../lib64 -L/lib/../lib64 -L/usr/lib/../lib64 -L/turquoise/usr/projects/hpcsoft/toss3/common/x86_64/gcc/9.3.0/bin/../lib/gcc/x86_64-pc-linux-gnu/9.3.0/../../.. CMakeFiles/cmTC_6cbf0.dir/CMakeFortranCompilerABI.F.o -lgfortran -lm -lgcc_s -lgcc -lquadmath -lm -lgcc_s -lgcc -lc -lgcc_s -lgcc /turquoise/usr/projects/hpcsoft/toss3/common/x86_64/gcc/9.3.0/bin/../lib/gcc/x86_64-pc-linux-gnu/9.3.0/crtend.o /lib/../lib64/crtn.o
COLLECT_GCC_OPTIONS='-v' '-o' 'cmTC_6cbf0' '-shared-libgcc' '-mtune=generic' '-march=x86-64'
gmake[1]: Leaving directory `/lustre/scratch3/turquoise/rvangara/RD100/distnnmfkcpp_Src/install_dependencies/xianyi-OpenBLAS-6d2da63/CMakeFiles/CMakeTmp'


Parsed Fortran implicit link information from above output:
  link line regex: [^( *|.*[/\])(ld|([^/\]+-)?ld|collect2)[^/\]*( |$)]
  ignore line: [Change Dir: /lustre/scratch3/turquoise/rvangara/RD100/distnnmfkcpp_Src/install_dependencies/xianyi-OpenBLAS-6d2da63/CMakeFiles/CMakeTmp]
  ignore line: []
  ignore line: [Run Build Command:"/usr/bin/gmake" "cmTC_6cbf0/fast"]
  ignore line: [/usr/bin/gmake -f CMakeFiles/cmTC_6cbf0.dir/build.make CMakeFiles/cmTC_6cbf0.dir/build]
  ignore line: [gmake[1]: Entering directory `/lustre/scratch3/turquoise/rvangara/RD100/distnnmfkcpp_Src/install_dependencies/xianyi-OpenBLAS-6d2da63/CMakeFiles/CMakeTmp']
  ignore line: [Building Fortran object CMakeFiles/cmTC_6cbf0.dir/CMakeFortranCompilerABI.F.o]
  ignore line: [/usr/projects/hpcsoft/toss3/common/x86_64/gcc/9.3.0/bin/gfortran     -c /turquoise/usr/projects/hpcsoft/toss3/common/cmake/3.6.2/share/cmake-3.6/Modules/CMakeFortranCompilerABI.F -o CMakeFiles/cmTC_6cbf0.dir/CMakeFortranCompilerABI.F.o]
  ignore line: [Linking Fortran executable cmTC_6cbf0]
  ignore line: [/turquoise/usr/projects/hpcsoft/toss3/common/cmake/3.6.2/bin/cmake -E cmake_link_script CMakeFiles/cmTC_6cbf0.dir/link.txt --verbose=1]
  ignore line: [/usr/projects/hpcsoft/toss3/common/x86_64/gcc/9.3.0/bin/gfortran    -v   CMakeFiles/cmTC_6cbf0.dir/CMakeFortranCompilerABI.F.o  -o cmTC_6cbf0   ]
  ignore line: [Driving: /usr/projects/hpcsoft/toss3/common/x86_64/gcc/9.3.0/bin/gfortran -v CMakeFiles/cmTC_6cbf0.dir/CMakeFortranCompilerABI.F.o -o cmTC_6cbf0 -l gfortran -l m -shared-libgcc]
  ignore line: [Using built-in specs.]
  ignore line: [COLLECT_GCC=/usr/projects/hpcsoft/toss3/common/x86_64/gcc/9.3.0/bin/gfortran]
  ignore line: [COLLECT_LTO_WRAPPER=/turquoise/usr/projects/hpcsoft/toss3/common/x86_64/gcc/9.3.0/bin/../libexec/gcc/x86_64-pc-linux-gnu/9.3.0/lto-wrapper]
  ignore line: [OFFLOAD_TARGET_NAMES=nvptx-none]
  ignore line: [Target: x86_64-pc-linux-gnu]
  ignore line: [Configured with: ../gcc-9.3.0/configure --enable-threads=posix --enable-__cxa_atexit --enable-lto --enable-checking=release --disable-multilib --enable-languages=c,c++,fortran,go --enable-offload-targets=nvptx-none --prefix=/usr/projects/hpcsoft/toss3/common/x86_64/gcc/9.3.0]
  ignore line: [Thread model: posix]
  ignore line: [gcc version 9.3.0 (GCC) ]
  ignore line: [Reading specs from /turquoise/usr/projects/hpcsoft/toss3/common/x86_64/gcc/9.3.0/bin/../lib/gcc/x86_64-pc-linux-gnu/9.3.0/../../../../lib64/libgfortran.spec]
  ignore line: [rename spec lib to liborig]
  ignore line: [COLLECT_GCC_OPTIONS='-v' '-o' 'cmTC_6cbf0' '-shared-libgcc' '-mtune=generic' '-march=x86-64']
  ignore line: [COMPILER_PATH=/turquoise/usr/projects/hpcsoft/toss3/common/x86_64/gcc/9.3.0/bin/../libexec/gcc/x86_64-pc-linux-gnu/9.3.0/:/turquoise/usr/projects/hpcsoft/toss3/common/x86_64/gcc/9.3.0/bin/../libexec/gcc/]
  ignore line: [LIBRARY_PATH=/turquoise/usr/projects/hpcsoft/toss3/common/x86_64/gcc/9.3.0/bin/../lib/gcc/x86_64-pc-linux-gnu/9.3.0/:/turquoise/usr/projects/hpcsoft/toss3/common/x86_64/gcc/9.3.0/bin/../lib/gcc/:/turquoise/usr/projects/hpcsoft/toss3/common/x86_64/gcc/9.3.0/bin/../lib/gcc/x86_64-pc-linux-gnu/9.3.0/../../../../lib64/:/lib/../lib64/:/usr/lib/../lib64/:/turquoise/usr/projects/hpcsoft/toss3/common/x86_64/gcc/9.3.0/bin/../lib/gcc/x86_64-pc-linux-gnu/9.3.0/../../../:/lib/:/usr/lib/]
  ignore line: [COLLECT_GCC_OPTIONS='-v' '-o' 'cmTC_6cbf0' '-shared-libgcc' '-mtune=generic' '-march=x86-64']
  link line: [ /turquoise/usr/projects/hpcsoft/toss3/common/x86_64/gcc/9.3.0/bin/../libexec/gcc/x86_64-pc-linux-gnu/9.3.0/collect2 -plugin /turquoise/usr/projects/hpcsoft/toss3/common/x86_64/gcc/9.3.0/bin/../libexec/gcc/x86_64-pc-linux-gnu/9.3.0/liblto_plugin.so -plugin-opt=/turquoise/usr/projects/hpcsoft/toss3/common/x86_64/gcc/9.3.0/bin/../libexec/gcc/x86_64-pc-linux-gnu/9.3.0/lto-wrapper -plugin-opt=-fresolution=/tmp/ccJn8C2g.res -plugin-opt=-pass-through=-lgcc_s -plugin-opt=-pass-through=-lgcc -plugin-opt=-pass-through=-lquadmath -plugin-opt=-pass-through=-lm -plugin-opt=-pass-through=-lgcc_s -plugin-opt=-pass-through=-lgcc -plugin-opt=-pass-through=-lc -plugin-opt=-pass-through=-lgcc_s -plugin-opt=-pass-through=-lgcc --eh-frame-hdr -m elf_x86_64 -dynamic-linker /lib64/ld-linux-x86-64.so.2 -o cmTC_6cbf0 /lib/../lib64/crt1.o /lib/../lib64/crti.o /turquoise/usr/projects/hpcsoft/toss3/common/x86_64/gcc/9.3.0/bin/../lib/gcc/x86_64-pc-linux-gnu/9.3.0/crtbegin.o -L/turquoise/usr/projects/hpcsoft/toss3/common/x86_64/gcc/9.3.0/bin/../lib/gcc/x86_64-pc-linux-gnu/9.3.0 -L/turquoise/usr/projects/hpcsoft/toss3/common/x86_64/gcc/9.3.0/bin/../lib/gcc -L/turquoise/usr/projects/hpcsoft/toss3/common/x86_64/gcc/9.3.0/bin/../lib/gcc/x86_64-pc-linux-gnu/9.3.0/../../../../lib64 -L/lib/../lib64 -L/usr/lib/../lib64 -L/turquoise/usr/projects/hpcsoft/toss3/common/x86_64/gcc/9.3.0/bin/../lib/gcc/x86_64-pc-linux-gnu/9.3.0/../../.. CMakeFiles/cmTC_6cbf0.dir/CMakeFortranCompilerABI.F.o -lgfortran -lm -lgcc_s -lgcc -lquadmath -lm -lgcc_s -lgcc -lc -lgcc_s -lgcc /turquoise/usr/projects/hpcsoft/toss3/common/x86_64/gcc/9.3.0/bin/../lib/gcc/x86_64-pc-linux-gnu/9.3.0/crtend.o /lib/../lib64/crtn.o]
    arg [/turquoise/usr/projects/hpcsoft/toss3/common/x86_64/gcc/9.3.0/bin/../libexec/gcc/x86_64-pc-linux-gnu/9.3.0/collect2] ==> ignore
    arg [-plugin] ==> ignore
    arg [/turquoise/usr/projects/hpcsoft/toss3/common/x86_64/gcc/9.3.0/bin/../libexec/gcc/x86_64-pc-linux-gnu/9.3.0/liblto_plugin.so] ==> ignore
    arg [-plugin-opt=/turquoise/usr/projects/hpcsoft/toss3/common/x86_64/gcc/9.3.0/bin/../libexec/gcc/x86_64-pc-linux-gnu/9.3.0/lto-wrapper] ==> ignore
    arg [-plugin-opt=-fresolution=/tmp/ccJn8C2g.res] ==> ignore
    arg [-plugin-opt=-pass-through=-lgcc_s] ==> ignore
    arg [-plugin-opt=-pass-through=-lgcc] ==> ignore
    arg [-plugin-opt=-pass-through=-lquadmath] ==> ignore
    arg [-plugin-opt=-pass-through=-lm] ==> ignore
    arg [-plugin-opt=-pass-through=-lgcc_s] ==> ignore
    arg [-plugin-opt=-pass-through=-lgcc] ==> ignore
    arg [-plugin-opt=-pass-through=-lc] ==> ignore
    arg [-plugin-opt=-pass-through=-lgcc_s] ==> ignore
    arg [-plugin-opt=-pass-through=-lgcc] ==> ignore
    arg [--eh-frame-hdr] ==> ignore
    arg [-m] ==> ignore
    arg [elf_x86_64] ==> ignore
    arg [-dynamic-linker] ==> ignore
    arg [/lib64/ld-linux-x86-64.so.2] ==> ignore
    arg [-o] ==> ignore
    arg [cmTC_6cbf0] ==> ignore
    arg [/lib/../lib64/crt1.o] ==> ignore
    arg [/lib/../lib64/crti.o] ==> ignore
    arg [/turquoise/usr/projects/hpcsoft/toss3/common/x86_64/gcc/9.3.0/bin/../lib/gcc/x86_64-pc-linux-gnu/9.3.0/crtbegin.o] ==> ignore
    arg [-L/turquoise/usr/projects/hpcsoft/toss3/common/x86_64/gcc/9.3.0/bin/../lib/gcc/x86_64-pc-linux-gnu/9.3.0] ==> dir [/turquoise/usr/projects/hpcsoft/toss3/common/x86_64/gcc/9.3.0/bin/../lib/gcc/x86_64-pc-linux-gnu/9.3.0]
    arg [-L/turquoise/usr/projects/hpcsoft/toss3/common/x86_64/gcc/9.3.0/bin/../lib/gcc] ==> dir [/turquoise/usr/projects/hpcsoft/toss3/common/x86_64/gcc/9.3.0/bin/../lib/gcc]
    arg [-L/turquoise/usr/projects/hpcsoft/toss3/common/x86_64/gcc/9.3.0/bin/../lib/gcc/x86_64-pc-linux-gnu/9.3.0/../../../../lib64] ==> dir [/turquoise/usr/projects/hpcsoft/toss3/common/x86_64/gcc/9.3.0/bin/../lib/gcc/x86_64-pc-linux-gnu/9.3.0/../../../../lib64]
    arg [-L/lib/../lib64] ==> dir [/lib/../lib64]
    arg [-L/usr/lib/../lib64] ==> dir [/usr/lib/../lib64]
    arg [-L/turquoise/usr/projects/hpcsoft/toss3/common/x86_64/gcc/9.3.0/bin/../lib/gcc/x86_64-pc-linux-gnu/9.3.0/../../..] ==> dir [/turquoise/usr/projects/hpcsoft/toss3/common/x86_64/gcc/9.3.0/bin/../lib/gcc/x86_64-pc-linux-gnu/9.3.0/../../..]
    arg [CMakeFiles/cmTC_6cbf0.dir/CMakeFortranCompilerABI.F.o] ==> ignore
    arg [-lgfortran] ==> lib [gfortran]
    arg [-lm] ==> lib [m]
    arg [-lgcc_s] ==> lib [gcc_s]
    arg [-lgcc] ==> lib [gcc]
    arg [-lquadmath] ==> lib [quadmath]
    arg [-lm] ==> lib [m]
    arg [-lgcc_s] ==> lib [gcc_s]
    arg [-lgcc] ==> lib [gcc]
    arg [-lc] ==> lib [c]
    arg [-lgcc_s] ==> lib [gcc_s]
    arg [-lgcc] ==> lib [gcc]
    arg [/turquoise/usr/projects/hpcsoft/toss3/common/x86_64/gcc/9.3.0/bin/../lib/gcc/x86_64-pc-linux-gnu/9.3.0/crtend.o] ==> ignore
    arg [/lib/../lib64/crtn.o] ==> ignore
  remove lib [gcc_s]
  remove lib [gcc]
  remove lib [gcc_s]
  remove lib [gcc]
  remove lib [gcc_s]
  remove lib [gcc]
  collapse library dir [/turquoise/usr/projects/hpcsoft/toss3/common/x86_64/gcc/9.3.0/bin/../lib/gcc/x86_64-pc-linux-gnu/9.3.0] ==> [/turquoise/usr/projects/hpcsoft/toss3/common/x86_64/gcc/9.3.0/lib/gcc/x86_64-pc-linux-gnu/9.3.0]
  collapse library dir [/turquoise/usr/projects/hpcsoft/toss3/common/x86_64/gcc/9.3.0/bin/../lib/gcc] ==> [/turquoise/usr/projects/hpcsoft/toss3/common/x86_64/gcc/9.3.0/lib/gcc]
  collapse library dir [/turquoise/usr/projects/hpcsoft/toss3/common/x86_64/gcc/9.3.0/bin/../lib/gcc/x86_64-pc-linux-gnu/9.3.0/../../../../lib64] ==> [/turquoise/usr/projects/hpcsoft/toss3/common/x86_64/gcc/9.3.0/lib64]
  collapse library dir [/lib/../lib64] ==> [/lib64]
  collapse library dir [/usr/lib/../lib64] ==> [/usr/lib64]
  collapse library dir [/turquoise/usr/projects/hpcsoft/toss3/common/x86_64/gcc/9.3.0/bin/../lib/gcc/x86_64-pc-linux-gnu/9.3.0/../../..] ==> [/turquoise/usr/projects/hpcsoft/toss3/common/x86_64/gcc/9.3.0/lib]
  implicit libs: [gfortran;m;quadmath;m;c]
  implicit dirs: [/turquoise/usr/projects/hpcsoft/toss3/common/x86_64/gcc/9.3.0/lib/gcc/x86_64-pc-linux-gnu/9.3.0;/turquoise/usr/projects/hpcsoft/toss3/common/x86_64/gcc/9.3.0/lib/gcc;/turquoise/usr/projects/hpcsoft/toss3/common/x86_64/gcc/9.3.0/lib64;/lib64;/usr/lib64;/turquoise/usr/projects/hpcsoft/toss3/common/x86_64/gcc/9.3.0/lib]
  implicit fwks: []


Determining if the Fortran compiler supports Fortran 90 passed with the following output:
Change Dir: /lustre/scratch3/turquoise/rvangara/RD100/distnnmfkcpp_Src/install_dependencies/xianyi-OpenBLAS-6d2da63/CMakeFiles/CMakeTmp

Run Build Command:"/usr/bin/gmake" "cmTC_8cc32/fast"
/usr/bin/gmake -f CMakeFiles/cmTC_8cc32.dir/build.make CMakeFiles/cmTC_8cc32.dir/build
gmake[1]: Entering directory `/lustre/scratch3/turquoise/rvangara/RD100/distnnmfkcpp_Src/install_dependencies/xianyi-OpenBLAS-6d2da63/CMakeFiles/CMakeTmp'
Building Fortran object CMakeFiles/cmTC_8cc32.dir/testFortranCompilerF90.f90.o
/usr/projects/hpcsoft/toss3/common/x86_64/gcc/9.3.0/bin/gfortran     -c /lustre/scratch3/turquoise/rvangara/RD100/distnnmfkcpp_Src/install_dependencies/xianyi-OpenBLAS-6d2da63/CMakeFiles/CMakeTmp/testFortranCompilerF90.f90 -o CMakeFiles/cmTC_8cc32.dir/testFortranCompilerF90.f90.o
Linking Fortran executable cmTC_8cc32
/turquoise/usr/projects/hpcsoft/toss3/common/cmake/3.6.2/bin/cmake -E cmake_link_script CMakeFiles/cmTC_8cc32.dir/link.txt --verbose=1
/usr/projects/hpcsoft/toss3/common/x86_64/gcc/9.3.0/bin/gfortran       CMakeFiles/cmTC_8cc32.dir/testFortranCompilerF90.f90.o  -o cmTC_8cc32  
gmake[1]: Leaving directory `/lustre/scratch3/turquoise/rvangara/RD100/distnnmfkcpp_Src/install_dependencies/xianyi-OpenBLAS-6d2da63/CMakeFiles/CMakeTmp'


